#
# A fatal error has been detected by the Java Runtime Environment:
#
#  SIGSEGV (0xb) at pc=0x00007fff201c09bf, pid=9084, tid=6403
#
# JRE version: Java(TM) SE Runtime Environment (15.0+36) (build 15+36-1562)
# Java VM: Java HotSpot(TM) 64-Bit Server VM (15+36-1562, mixed mode, sharing, tiered, compressed oops, g1 gc, bsd-amd64)
# Problematic frame:
# C  [libobjc.A.dylib+0x79bf]  objc_release+0x1f
#
# No core dump will be written. Core dumps have been disabled. To enable core dumping, try "ulimit -c unlimited" before starting Java again
#
# If you would like to submit a bug report, please visit:
#   https://bugreport.java.com/bugreport/crash.jsp
# The crash happened outside the Java Virtual Machine in native code.
# See problematic frame for where to report the bug.
#

---------------  S U M M A R Y ------------

Command Line: -Djava.library.path=libs/ -javaagent:/private/var/folders/07/r1lbv3ks4jq3629_b1dkxjvc0000gq/T/AppTranslocation/D5218C36-9BC8-4208-9B25-38CBDA993F41/d/IntelliJ IDEA CE.app/Contents/lib/idea_rt.jar=60207:/private/var/folders/07/r1lbv3ks4jq3629_b1dkxjvc0000gq/T/AppTranslocation/D5218C36-9BC8-4208-9B25-38CBDA993F41/d/IntelliJ IDEA CE.app/Contents/bin -Dfile.encoding=UTF-8 com.melkerlarsson.engineTester.Main

Host: MacBookAir9,1 x86_64 1100 MHz, 4 cores, 8G, Darwin 20.1.0
Time: Sun Feb 21 19:44:58 2021 CET elapsed time: 0.622318 seconds (0d 0h 0m 0s)

---------------  T H R E A D  ---------------

Current thread (0x00007f8ebb812e00):  JavaThread "main" [_thread_in_native, id=6403, stack(0x0000700008a70000,0x0000700008b70000)]

Stack: [0x0000700008a70000,0x0000700008b70000],  sp=0x0000700008b6f548,  free space=1021k
Native frames: (J=compiled Java code, A=aot compiled Java code, j=interpreted, Vv=VM code, C=native code)
C  [libobjc.A.dylib+0x79bf]  objc_release+0x1f
C  [libobjc.A.dylib+0x833e]  objc_autoreleasePoolPop+0xa1
C  [CoreFoundation+0x421e0]  _CFAutoreleasePoolPop+0x16
C  [Foundation+0x1edfd]  -[NSAutoreleasePool release]+0x81
j  org.lwjgl.opengl.MacOSXContextImplementation.setView(Ljava/nio/ByteBuffer;Ljava/nio/ByteBuffer;)V+0
j  org.lwjgl.opengl.MacOSXContextImplementation.makeCurrent(Lorg/lwjgl/opengl/PeerInfo;Ljava/nio/ByteBuffer;)V+7
j  org.lwjgl.opengl.ContextGL.makeCurrent()V+46
j  org.lwjgl.opengl.DrawableGL.makeCurrent()V+14
j  org.lwjgl.opengl.Display.makeCurrent()V+3
j  org.lwjgl.opengl.Display.makeCurrentAndSetSwapInterval()V+0
j  org.lwjgl.opengl.Display.create(Lorg/lwjgl/opengl/PixelFormat;Lorg/lwjgl/opengl/Drawable;Lorg/lwjgl/opengl/ContextAttribs;)V+108
j  org.lwjgl.opengl.Display.create(Lorg/lwjgl/opengl/PixelFormat;Lorg/lwjgl/opengl/ContextAttribs;)V+9
j  com.melkerlarsson.renderEngine.DisplayManager.createDisplay()V+42
j  com.melkerlarsson.engineTester.Main.main([Ljava/lang/String;)V+0
v  ~StubRoutines::call_stub
V  [libjvm.dylib+0x4ac892]  JavaCalls::call_helper(JavaValue*, methodHandle const&, JavaCallArguments*, Thread*)+0x2e2
V  [libjvm.dylib+0x50cd59]  jni_invoke_static(JNIEnv_*, JavaValue*, _jobject*, JNICallType, _jmethodID*, JNI_ArgumentPusher*, Thread*)+0x1f9
V  [libjvm.dylib+0x5102ea]  jni_CallStaticVoidMethod+0x18a
C  [libjli.dylib+0x4f3d]  JavaMain+0xc1d
C  [libjli.dylib+0x7659]  ThreadJavaMain+0x9
C  [libsystem_pthread.dylib+0x6950]  _pthread_start+0xe0
C  [libsystem_pthread.dylib+0x247b]  thread_start+0xf

Java frames: (J=compiled Java code, j=interpreted, Vv=VM code)
j  org.lwjgl.opengl.MacOSXContextImplementation.setView(Ljava/nio/ByteBuffer;Ljava/nio/ByteBuffer;)V+0
j  org.lwjgl.opengl.MacOSXContextImplementation.makeCurrent(Lorg/lwjgl/opengl/PeerInfo;Ljava/nio/ByteBuffer;)V+7
j  org.lwjgl.opengl.ContextGL.makeCurrent()V+46
j  org.lwjgl.opengl.DrawableGL.makeCurrent()V+14
j  org.lwjgl.opengl.Display.makeCurrent()V+3
j  org.lwjgl.opengl.Display.makeCurrentAndSetSwapInterval()V+0
j  org.lwjgl.opengl.Display.create(Lorg/lwjgl/opengl/PixelFormat;Lorg/lwjgl/opengl/Drawable;Lorg/lwjgl/opengl/ContextAttribs;)V+108
j  org.lwjgl.opengl.Display.create(Lorg/lwjgl/opengl/PixelFormat;Lorg/lwjgl/opengl/ContextAttribs;)V+9
j  com.melkerlarsson.renderEngine.DisplayManager.createDisplay()V+42
j  com.melkerlarsson.engineTester.Main.main([Ljava/lang/String;)V+0
v  ~StubRoutines::call_stub

siginfo: si_signo: 11 (SIGSEGV), si_code: 1 (SEGV_MAPERR), si_addr: 0x000007f8ebaca5a8

Register to memory mapping:

RAX=0x700007f8ebaca58a is an unknown value
RBX=0x0000000000000001 is an unknown value
RCX=0x000007f8ebaca588 is an unknown value
RDX=0x0000000000000005 is an unknown value
RSP=0x0000700008b6f548 is pointing into the stack for thread: 0x00007f8ebb812e00
RBP=0x0000700008b6f580 is pointing into the stack for thread: 0x00007f8ebb812e00
RSI=0x00007f8ebae04ab0 points into unknown readable memory: 0x013d80012935ecbf | bf ec 35 29 01 80 3d 01
RDI=0x00007f8ebac96e80 points into unknown readable memory: 0x700007f8ebaca58a | 8a a5 ac eb f8 07 00 70
R8 =0x00000000000130a8 is an unknown value
R9 =0x00007f8ebc0fcec8 points into unknown readable memory: 0x0000000000000000 | 00 00 00 00 00 00 00 00
R10=0x000000012935ecb8: OBJC_CLASS_$_MacOSXOpenGLView+0 in /Users/melker.larsson3/Documents/Programming/Projects/GameEngine/libs/liblwjgl.jnilib at 0x0000000129321000
R11=0x00007fff22bfeba7: -[NSResponder release]+0 in /System/Library/Frameworks/AppKit.framework/Versions/C/AppKit at 0x00007fff22bf3000
R12=0x00007f8ebac96e80 points into unknown readable memory: 0x700007f8ebaca58a | 8a a5 ac eb f8 07 00 70
R13=0xa3a3a3a3a3a3a3a3 is an unknown value
R14=0x00007f8ebc834090 points into unknown readable memory: 0x0000000000000000 | 00 00 00 00 00 00 00 00
R15=0x00007f8ebc834000 points into unknown readable memory: 0x4f545541a1a1a1a1 | a1 a1 a1 a1 41 55 54 4f


Registers:
RAX=0x700007f8ebaca58a, RBX=0x0000000000000001, RCX=0x000007f8ebaca588, RDX=0x0000000000000005
RSP=0x0000700008b6f548, RBP=0x0000700008b6f580, RSI=0x00007f8ebae04ab0, RDI=0x00007f8ebac96e80
R8 =0x00000000000130a8, R9 =0x00007f8ebc0fcec8, R10=0x000000012935ecb8, R11=0x00007fff22bfeba7
R12=0x00007f8ebac96e80, R13=0xa3a3a3a3a3a3a3a3, R14=0x00007f8ebc834090, R15=0x00007f8ebc834000
RIP=0x00007fff201c09bf, EFLAGS=0x0000000000010206, ERR=0x0000000000000004
  TRAPNO=0x000000000000000e

Top of Stack: (sp=0x0000700008b6f548)
0x0000700008b6f548:   00007fff201de39d 0000000000000000
0x0000700008b6f558:   00007f8ebc834000 0000000000000000
0x0000700008b6f568:   000000010aaed5b8 00007fff7c534a17
0x0000700008b6f578:   00007f8ebb812e00 0000700008b6f5a0
0x0000700008b6f588:   00007fff201c133e 0000000000000000
0x0000700008b6f598:   00007f8ebc834090 0000700008b6f5c0
0x0000700008b6f5a8:   00007fff203db1e0 0000000000000000
0x0000700008b6f5b8:   00007f8ebac67b80 0000700008b6f600
0x0000700008b6f5c8:   00007fff21161dfd 0000700008b6f600
0x0000700008b6f5d8:   0000000129337b44 000000010aaed5c0
0x0000700008b6f5e8:   0ea4a960bcb400c7 000000010aaed5c0
0x0000700008b6f5f8:   0000700008b6f698 0000700008b6f670
0x0000700008b6f608:   0000000113b633f0 0000700008b6f670
0x0000700008b6f618:   0000000113b6313e 0000000113b630f6
0x0000700008b6f628:   0000700008b6f628 000000010aaed5b8
0x0000700008b6f638:   0000700008b6f698 000000010aaedb68
0x0000700008b6f648:   0000000000000000 0000000787cb9a40
0x0000700008b6f658:   000000010aaed5c0 0000000000000000
0x0000700008b6f668:   0000700008b6f690 0000700008b6f6e8
0x0000700008b6f678:   0000000113b5deea 0000000787cb9a40
0x0000700008b6f688:   0000000113b605d8 0000000787cc4130
0x0000700008b6f698:   0000000787dff260 0000700008b6f6a0
0x0000700008b6f6a8:   000000010aaed4b7 0000700008b6f718
0x0000700008b6f6b8:   000000010aaedb68 0000000000000000
0x0000700008b6f6c8:   0000000787cb9a40 000000010aaed528
0x0000700008b6f6d8:   0000700008b6f690 0000700008b6f708
0x0000700008b6f6e8:   0000700008b6f778 0000000113b5df2f
0x0000700008b6f6f8:   0000000000000000 0000000787dff260
0x0000700008b6f708:   0000000787cc4130 0000000787dff1a0
0x0000700008b6f718:   0000000787cb9b68 0000000000000001
0x0000700008b6f728:   0000000787cb9b78 0000700008b6f720
0x0000700008b6f738:   000000010aaeacd6 0000700008b6f788 

Instructions: (pc=0x00007fff201c09bf)
0x00007fff201c08bf:   f6 01 00 4c 89 f7 e8 26 f6 01 00 48 c7 05 c3 b9
0x00007fff201c08cf:   8f 68 00 00 00 00 4d 85 e4 74 23 49 8b 3c 24 49
0x00007fff201c08df:   8b 5c 24 08 48 85 ff 74 05 e8 0c fc ff ff 4c 89
0x00007fff201c08ef:   e7 e8 fb f5 01 00 49 89 dc 48 85 db 75 dd 48 8b
0x00007fff201c08ff:   05 b4 19 e7 5f 48 8b 00 48 3b 45 d8 75 32 48 83
0x00007fff201c090f:   c4 30 5b 41 5c 41 5e 41 5f 5d c3 31 c0 eb 02 b0
0x00007fff201c091f:   01 80 3d 87 ba 8f 68 00 0f 84 4a fd ff ff 0f b6
0x00007fff201c092f:   d0 4c 89 ff 31 f6 e8 a9 ea 01 00 e9 38 fd ff ff
0x00007fff201c093f:   e8 e0 f4 01 00 48 8d 3d 52 93 02 00 89 c6 31 c0
0x00007fff201c094f:   e8 1d e1 01 00 4c 89 ff e8 2c e5 01 00 48 89 c3
0x00007fff201c095f:   65 8b 04 25 18 00 00 00 31 c9 f0 0f b1 0d 6b b9
0x00007fff201c096f:   8f 68 74 0c 48 8d 3d 62 b9 8f 68 e8 25 f6 01 00
0x00007fff201c097f:   48 89 df e8 55 f4 01 00 0f 0b 90 90 90 90 90 e9
0x00007fff201c098f:   6b 41 00 00 90 90 90 90 90 90 90 90 90 90 90 90
0x00007fff201c099f:   90 48 85 ff 74 76 89 f8 83 e0 01 48 85 c0 75 6c
0x00007fff201c09af:   48 8b 07 48 b9 f8 ff ff ff ff 7f 00 00 48 21 c1
0x00007fff201c09bf:   48 8b 51 20 f6 c2 04 74 54 a8 01 74 6f 48 b9 00
0x00007fff201c09cf:   00 00 00 00 00 80 00 48 ba 00 00 00 00 00 00 00
0x00007fff201c09df:   01 48 39 c8 72 36 48 89 c6 48 29 d6 72 17 f0 48
0x00007fff201c09ef:   0f b1 37 74 22 a8 01 75 e8 31 f6 ba 01 00 00 00
0x00007fff201c09ff:   e9 12 ce 01 00 48 85 c8 75 3a 48 8b 35 a0 a7 8f
0x00007fff201c0a0f:   68 ff 25 da 18 e7 5f 48 39 ce 72 ee c3 f6 c2 02
0x00007fff201c0a1f:   74 0d 66 83 79 1c 00 79 06 f6 41 28 02 75 1f 48
0x00007fff201c0a2f:   8b 35 a3 a6 8f 68 ff 25 b5 18 e7 5f f6 41 1c 01
0x00007fff201c0a3f:   74 b7 eb d8 be 01 00 00 00 e9 a5 5c 00 00 48 8b
0x00007fff201c0a4f:   05 e4 2d 8b 68 ff e0 90 90 90 90 90 90 90 90 90
0x00007fff201c0a5f:   90 90 90 90 90 90 e9 04 00 00 00 90 90 90 90 55
0x00007fff201c0a6f:   48 89 e5 53 50 48 89 fb f6 c3 01 75 21 48 b8 07
0x00007fff201c0a7f:   00 00 00 00 00 a0 00 48 23 03 48 83 f8 01 75 15
0x00007fff201c0a8f:   48 89 df 48 83 c4 08 5b 5d e9 53 f4 01 00 48 83
0x00007fff201c0a9f:   c4 08 5b 5d c3 48 89 df e8 39 00 00 00 eb e1 90
0x00007fff201c0aaf:   90 90 90 90 90 90 90 90 90 48 85 ff 74 1c 55 48 


Stack slot to memory mapping:
stack at sp + 0 slots: 0x00007fff201de39d: _ZN19AutoreleasePoolPage12releaseUntilEPP11objc_object+0xa7 in /usr/lib/libobjc.A.dylib at 0x00007fff201b9000
stack at sp + 1 slots: 0x0 is NULL
stack at sp + 2 slots: 0x00007f8ebc834000 points into unknown readable memory: 0x4f545541a1a1a1a1 | a1 a1 a1 a1 41 55 54 4f
stack at sp + 3 slots: 0x0 is NULL
stack at sp + 4 slots: 0x000000010aaed5b8 is pointing into metadata
stack at sp + 5 slots: 0x00007fff7c534a17: GCC_except_table772+0x5c347153 in /usr/lib/libobjc.A.dylib at 0x00007fff201b9000
stack at sp + 6 slots: 0x00007f8ebb812e00 is a thread
stack at sp + 7 slots: 0x0000700008b6f5a0 is pointing into the stack for thread: 0x00007f8ebb812e00


---------------  P R O C E S S  ---------------

Threads class SMR info:
_java_thread_list=0x00007f8ebad37c50, length=13, elements={
0x00007f8ebb812e00, 0x00007f8ebc008800, 0x00007f8ebc832600, 0x00007f8ebc833800,
0x00007f8ebb05fc00, 0x00007f8ebb846c00, 0x00007f8ebb060200, 0x00007f8ebc835000,
0x00007f8ebb847a00, 0x00007f8ebc835600, 0x00007f8ebc837800, 0x00007f8ebb05f600,
0x00007f8ebb9ad800
}

Java Threads: ( => current thread )
=>0x00007f8ebb812e00 JavaThread "main" [_thread_in_native, id=6403, stack(0x0000700008a70000,0x0000700008b70000)]
  0x00007f8ebc008800 JavaThread "Reference Handler" daemon [_thread_blocked, id=15107, stack(0x0000700009185000,0x0000700009285000)]
  0x00007f8ebc832600 JavaThread "Finalizer" daemon [_thread_blocked, id=17411, stack(0x0000700009288000,0x0000700009388000)]
  0x00007f8ebc833800 JavaThread "Signal Dispatcher" daemon [_thread_blocked, id=42755, stack(0x0000700009491000,0x0000700009591000)]
  0x00007f8ebb05fc00 JavaThread "Service Thread" daemon [_thread_blocked, id=23555, stack(0x0000700009594000,0x0000700009694000)]
  0x00007f8ebb846c00 JavaThread "C2 CompilerThread0" daemon [_thread_blocked, id=24579, stack(0x0000700009697000,0x0000700009797000)]
  0x00007f8ebb060200 JavaThread "C1 CompilerThread0" daemon [_thread_blocked, id=41987, stack(0x000070000979a000,0x000070000989a000)]
  0x00007f8ebc835000 JavaThread "Sweeper thread" daemon [_thread_blocked, id=41475, stack(0x000070000989d000,0x000070000999d000)]
  0x00007f8ebb847a00 JavaThread "Common-Cleaner" daemon [_thread_blocked, id=40451, stack(0x00007000099a0000,0x0000700009aa0000)]
  0x00007f8ebc835600 JavaThread "Monitor Ctrl-Break" daemon [_thread_in_native, id=39683, stack(0x0000700009aa3000,0x0000700009ba3000)]
  0x00007f8ebc837800 JavaThread "Notification Thread" daemon [_thread_blocked, id=39171, stack(0x0000700009ba6000,0x0000700009ca6000)]
  0x00007f8ebb05f600 JavaThread "AppKit Thread" daemon [_thread_in_native, id=775, stack(0x00007ffeecc7c000,0x00007ffeed47c000)]
  0x00007f8ebb9ad800 JavaThread "AWT-Shutdown" [_thread_blocked, id=86275, stack(0x0000700009dac000,0x0000700009eac000)]

Other Threads:
  0x00007f8ebaf15ce0 VMThread "VM Thread" [stack: 0x0000700009082000,0x0000700009182000] [id=18435]
  0x00007f8ebaf39670 WatcherThread [stack: 0x0000700009ca9000,0x0000700009da9000] [id=38659]
  0x00007f8ebae1c3d0 GCTaskThread "GC Thread#0" [stack: 0x0000700008b73000,0x0000700008c73000] [id=13059]
  0x00007f8ebae1d580 ConcurrentGCThread "G1 Main Marker" [stack: 0x0000700008c76000,0x0000700008d76000] [id=19971]
  0x00007f8ebac092d0 ConcurrentGCThread "G1 Conc#0" [stack: 0x0000700008d79000,0x0000700008e79000] [id=19459]
  0x00007f8ebac24ce0 ConcurrentGCThread "G1 Refine#0" [stack: 0x0000700008e7c000,0x0000700008f7c000] [id=14083]
  0x00007f8ebac25d60 ConcurrentGCThread "G1 Young RemSet Sampling" [stack: 0x0000700008f7f000,0x000070000907f000] [id=14339]

Threads with active compile tasks:

VM state: not at safepoint (normal execution)

VM Mutex/Monitor currently owned by a thread: None

Heap address: 0x0000000780000000, size: 2048 MB, Compressed Oops mode: Zero based, Oop shift amount: 3
CDS archive(s) mapped at: [0x0000000800000000-0x0000000800b2c000-0x0000000800b2c000), size 11714560, SharedBaseAddress: 0x0000000800000000, ArchiveRelocationMode: 0.
Compressed class space mapped at: 0x0000000800b2c000-0x0000000840b2c000, size: 1073741824
Narrow klass base: 0x0000000800000000, Narrow klass shift: 3, Narrow klass range: 0x100000000

GC Precious Log:
 CPUs: 4 total, 4 available
 Memory: 8192M
 Large Page Support: Disabled
 NUMA Support: Disabled
 Compressed Oops: Enabled (Zero based)
 Heap Region Size: 1M
 Heap Min Capacity: 8M
 Heap Initial Capacity: 128M
 Heap Max Capacity: 2G
 Pre-touch: Disabled
 Parallel Workers: 4
 Concurrent Workers: 1
 Concurrent Refinement Workers: 4
 Periodic GC: Disabled

Heap:
 garbage-first heap   total 133120K, used 3880K [0x0000000780000000, 0x0000000800000000)
  region size 1024K, 4 young (4096K), 0 survivors (0K)
 Metaspace       used 2499K, capacity 5048K, committed 5120K, reserved 1056768K
  class space    used 245K, capacity 486K, committed 512K, reserved 1048576K

Heap Regions: E=young(eden), S=young(survivor), O=old, HS=humongous(starts), HC=humongous(continues), CS=collection set, F=free, OA=open archive, CA=closed archive, TAMS=top-at-mark-start (previous, next)
|   0|0x0000000780000000, 0x0000000780000000, 0x0000000780100000|  0%| F|  |TAMS 0x0000000780000000, 0x0000000780000000| Untracked 
|   1|0x0000000780100000, 0x0000000780100000, 0x0000000780200000|  0%| F|  |TAMS 0x0000000780100000, 0x0000000780100000| Untracked 
|   2|0x0000000780200000, 0x0000000780200000, 0x0000000780300000|  0%| F|  |TAMS 0x0000000780200000, 0x0000000780200000| Untracked 
|   3|0x0000000780300000, 0x0000000780300000, 0x0000000780400000|  0%| F|  |TAMS 0x0000000780300000, 0x0000000780300000| Untracked 
|   4|0x0000000780400000, 0x0000000780400000, 0x0000000780500000|  0%| F|  |TAMS 0x0000000780400000, 0x0000000780400000| Untracked 
|   5|0x0000000780500000, 0x0000000780500000, 0x0000000780600000|  0%| F|  |TAMS 0x0000000780500000, 0x0000000780500000| Untracked 
|   6|0x0000000780600000, 0x0000000780600000, 0x0000000780700000|  0%| F|  |TAMS 0x0000000780600000, 0x0000000780600000| Untracked 
|   7|0x0000000780700000, 0x0000000780700000, 0x0000000780800000|  0%| F|  |TAMS 0x0000000780700000, 0x0000000780700000| Untracked 
|   8|0x0000000780800000, 0x0000000780800000, 0x0000000780900000|  0%| F|  |TAMS 0x0000000780800000, 0x0000000780800000| Untracked 
|   9|0x0000000780900000, 0x0000000780900000, 0x0000000780a00000|  0%| F|  |TAMS 0x0000000780900000, 0x0000000780900000| Untracked 
|  10|0x0000000780a00000, 0x0000000780a00000, 0x0000000780b00000|  0%| F|  |TAMS 0x0000000780a00000, 0x0000000780a00000| Untracked 
|  11|0x0000000780b00000, 0x0000000780b00000, 0x0000000780c00000|  0%| F|  |TAMS 0x0000000780b00000, 0x0000000780b00000| Untracked 
|  12|0x0000000780c00000, 0x0000000780c00000, 0x0000000780d00000|  0%| F|  |TAMS 0x0000000780c00000, 0x0000000780c00000| Untracked 
|  13|0x0000000780d00000, 0x0000000780d00000, 0x0000000780e00000|  0%| F|  |TAMS 0x0000000780d00000, 0x0000000780d00000| Untracked 
|  14|0x0000000780e00000, 0x0000000780e00000, 0x0000000780f00000|  0%| F|  |TAMS 0x0000000780e00000, 0x0000000780e00000| Untracked 
|  15|0x0000000780f00000, 0x0000000780f00000, 0x0000000781000000|  0%| F|  |TAMS 0x0000000780f00000, 0x0000000780f00000| Untracked 
|  16|0x0000000781000000, 0x0000000781000000, 0x0000000781100000|  0%| F|  |TAMS 0x0000000781000000, 0x0000000781000000| Untracked 
|  17|0x0000000781100000, 0x0000000781100000, 0x0000000781200000|  0%| F|  |TAMS 0x0000000781100000, 0x0000000781100000| Untracked 
|  18|0x0000000781200000, 0x0000000781200000, 0x0000000781300000|  0%| F|  |TAMS 0x0000000781200000, 0x0000000781200000| Untracked 
|  19|0x0000000781300000, 0x0000000781300000, 0x0000000781400000|  0%| F|  |TAMS 0x0000000781300000, 0x0000000781300000| Untracked 
|  20|0x0000000781400000, 0x0000000781400000, 0x0000000781500000|  0%| F|  |TAMS 0x0000000781400000, 0x0000000781400000| Untracked 
|  21|0x0000000781500000, 0x0000000781500000, 0x0000000781600000|  0%| F|  |TAMS 0x0000000781500000, 0x0000000781500000| Untracked 
|  22|0x0000000781600000, 0x0000000781600000, 0x0000000781700000|  0%| F|  |TAMS 0x0000000781600000, 0x0000000781600000| Untracked 
|  23|0x0000000781700000, 0x0000000781700000, 0x0000000781800000|  0%| F|  |TAMS 0x0000000781700000, 0x0000000781700000| Untracked 
|  24|0x0000000781800000, 0x0000000781800000, 0x0000000781900000|  0%| F|  |TAMS 0x0000000781800000, 0x0000000781800000| Untracked 
|  25|0x0000000781900000, 0x0000000781900000, 0x0000000781a00000|  0%| F|  |TAMS 0x0000000781900000, 0x0000000781900000| Untracked 
|  26|0x0000000781a00000, 0x0000000781a00000, 0x0000000781b00000|  0%| F|  |TAMS 0x0000000781a00000, 0x0000000781a00000| Untracked 
|  27|0x0000000781b00000, 0x0000000781b00000, 0x0000000781c00000|  0%| F|  |TAMS 0x0000000781b00000, 0x0000000781b00000| Untracked 
|  28|0x0000000781c00000, 0x0000000781c00000, 0x0000000781d00000|  0%| F|  |TAMS 0x0000000781c00000, 0x0000000781c00000| Untracked 
|  29|0x0000000781d00000, 0x0000000781d00000, 0x0000000781e00000|  0%| F|  |TAMS 0x0000000781d00000, 0x0000000781d00000| Untracked 
|  30|0x0000000781e00000, 0x0000000781e00000, 0x0000000781f00000|  0%| F|  |TAMS 0x0000000781e00000, 0x0000000781e00000| Untracked 
|  31|0x0000000781f00000, 0x0000000781f00000, 0x0000000782000000|  0%| F|  |TAMS 0x0000000781f00000, 0x0000000781f00000| Untracked 
|  32|0x0000000782000000, 0x0000000782000000, 0x0000000782100000|  0%| F|  |TAMS 0x0000000782000000, 0x0000000782000000| Untracked 
|  33|0x0000000782100000, 0x0000000782100000, 0x0000000782200000|  0%| F|  |TAMS 0x0000000782100000, 0x0000000782100000| Untracked 
|  34|0x0000000782200000, 0x0000000782200000, 0x0000000782300000|  0%| F|  |TAMS 0x0000000782200000, 0x0000000782200000| Untracked 
|  35|0x0000000782300000, 0x0000000782300000, 0x0000000782400000|  0%| F|  |TAMS 0x0000000782300000, 0x0000000782300000| Untracked 
|  36|0x0000000782400000, 0x0000000782400000, 0x0000000782500000|  0%| F|  |TAMS 0x0000000782400000, 0x0000000782400000| Untracked 
|  37|0x0000000782500000, 0x0000000782500000, 0x0000000782600000|  0%| F|  |TAMS 0x0000000782500000, 0x0000000782500000| Untracked 
|  38|0x0000000782600000, 0x0000000782600000, 0x0000000782700000|  0%| F|  |TAMS 0x0000000782600000, 0x0000000782600000| Untracked 
|  39|0x0000000782700000, 0x0000000782700000, 0x0000000782800000|  0%| F|  |TAMS 0x0000000782700000, 0x0000000782700000| Untracked 
|  40|0x0000000782800000, 0x0000000782800000, 0x0000000782900000|  0%| F|  |TAMS 0x0000000782800000, 0x0000000782800000| Untracked 
|  41|0x0000000782900000, 0x0000000782900000, 0x0000000782a00000|  0%| F|  |TAMS 0x0000000782900000, 0x0000000782900000| Untracked 
|  42|0x0000000782a00000, 0x0000000782a00000, 0x0000000782b00000|  0%| F|  |TAMS 0x0000000782a00000, 0x0000000782a00000| Untracked 
|  43|0x0000000782b00000, 0x0000000782b00000, 0x0000000782c00000|  0%| F|  |TAMS 0x0000000782b00000, 0x0000000782b00000| Untracked 
|  44|0x0000000782c00000, 0x0000000782c00000, 0x0000000782d00000|  0%| F|  |TAMS 0x0000000782c00000, 0x0000000782c00000| Untracked 
|  45|0x0000000782d00000, 0x0000000782d00000, 0x0000000782e00000|  0%| F|  |TAMS 0x0000000782d00000, 0x0000000782d00000| Untracked 
|  46|0x0000000782e00000, 0x0000000782e00000, 0x0000000782f00000|  0%| F|  |TAMS 0x0000000782e00000, 0x0000000782e00000| Untracked 
|  47|0x0000000782f00000, 0x0000000782f00000, 0x0000000783000000|  0%| F|  |TAMS 0x0000000782f00000, 0x0000000782f00000| Untracked 
|  48|0x0000000783000000, 0x0000000783000000, 0x0000000783100000|  0%| F|  |TAMS 0x0000000783000000, 0x0000000783000000| Untracked 
|  49|0x0000000783100000, 0x0000000783100000, 0x0000000783200000|  0%| F|  |TAMS 0x0000000783100000, 0x0000000783100000| Untracked 
|  50|0x0000000783200000, 0x0000000783200000, 0x0000000783300000|  0%| F|  |TAMS 0x0000000783200000, 0x0000000783200000| Untracked 
|  51|0x0000000783300000, 0x0000000783300000, 0x0000000783400000|  0%| F|  |TAMS 0x0000000783300000, 0x0000000783300000| Untracked 
|  52|0x0000000783400000, 0x0000000783400000, 0x0000000783500000|  0%| F|  |TAMS 0x0000000783400000, 0x0000000783400000| Untracked 
|  53|0x0000000783500000, 0x0000000783500000, 0x0000000783600000|  0%| F|  |TAMS 0x0000000783500000, 0x0000000783500000| Untracked 
|  54|0x0000000783600000, 0x0000000783600000, 0x0000000783700000|  0%| F|  |TAMS 0x0000000783600000, 0x0000000783600000| Untracked 
|  55|0x0000000783700000, 0x0000000783700000, 0x0000000783800000|  0%| F|  |TAMS 0x0000000783700000, 0x0000000783700000| Untracked 
|  56|0x0000000783800000, 0x0000000783800000, 0x0000000783900000|  0%| F|  |TAMS 0x0000000783800000, 0x0000000783800000| Untracked 
|  57|0x0000000783900000, 0x0000000783900000, 0x0000000783a00000|  0%| F|  |TAMS 0x0000000783900000, 0x0000000783900000| Untracked 
|  58|0x0000000783a00000, 0x0000000783a00000, 0x0000000783b00000|  0%| F|  |TAMS 0x0000000783a00000, 0x0000000783a00000| Untracked 
|  59|0x0000000783b00000, 0x0000000783b00000, 0x0000000783c00000|  0%| F|  |TAMS 0x0000000783b00000, 0x0000000783b00000| Untracked 
|  60|0x0000000783c00000, 0x0000000783c00000, 0x0000000783d00000|  0%| F|  |TAMS 0x0000000783c00000, 0x0000000783c00000| Untracked 
|  61|0x0000000783d00000, 0x0000000783d00000, 0x0000000783e00000|  0%| F|  |TAMS 0x0000000783d00000, 0x0000000783d00000| Untracked 
|  62|0x0000000783e00000, 0x0000000783e00000, 0x0000000783f00000|  0%| F|  |TAMS 0x0000000783e00000, 0x0000000783e00000| Untracked 
|  63|0x0000000783f00000, 0x0000000783f00000, 0x0000000784000000|  0%| F|  |TAMS 0x0000000783f00000, 0x0000000783f00000| Untracked 
|  64|0x0000000784000000, 0x0000000784000000, 0x0000000784100000|  0%| F|  |TAMS 0x0000000784000000, 0x0000000784000000| Untracked 
|  65|0x0000000784100000, 0x0000000784100000, 0x0000000784200000|  0%| F|  |TAMS 0x0000000784100000, 0x0000000784100000| Untracked 
|  66|0x0000000784200000, 0x0000000784200000, 0x0000000784300000|  0%| F|  |TAMS 0x0000000784200000, 0x0000000784200000| Untracked 
|  67|0x0000000784300000, 0x0000000784300000, 0x0000000784400000|  0%| F|  |TAMS 0x0000000784300000, 0x0000000784300000| Untracked 
|  68|0x0000000784400000, 0x0000000784400000, 0x0000000784500000|  0%| F|  |TAMS 0x0000000784400000, 0x0000000784400000| Untracked 
|  69|0x0000000784500000, 0x0000000784500000, 0x0000000784600000|  0%| F|  |TAMS 0x0000000784500000, 0x0000000784500000| Untracked 
|  70|0x0000000784600000, 0x0000000784600000, 0x0000000784700000|  0%| F|  |TAMS 0x0000000784600000, 0x0000000784600000| Untracked 
|  71|0x0000000784700000, 0x0000000784700000, 0x0000000784800000|  0%| F|  |TAMS 0x0000000784700000, 0x0000000784700000| Untracked 
|  72|0x0000000784800000, 0x0000000784800000, 0x0000000784900000|  0%| F|  |TAMS 0x0000000784800000, 0x0000000784800000| Untracked 
|  73|0x0000000784900000, 0x0000000784900000, 0x0000000784a00000|  0%| F|  |TAMS 0x0000000784900000, 0x0000000784900000| Untracked 
|  74|0x0000000784a00000, 0x0000000784a00000, 0x0000000784b00000|  0%| F|  |TAMS 0x0000000784a00000, 0x0000000784a00000| Untracked 
|  75|0x0000000784b00000, 0x0000000784b00000, 0x0000000784c00000|  0%| F|  |TAMS 0x0000000784b00000, 0x0000000784b00000| Untracked 
|  76|0x0000000784c00000, 0x0000000784c00000, 0x0000000784d00000|  0%| F|  |TAMS 0x0000000784c00000, 0x0000000784c00000| Untracked 
|  77|0x0000000784d00000, 0x0000000784d00000, 0x0000000784e00000|  0%| F|  |TAMS 0x0000000784d00000, 0x0000000784d00000| Untracked 
|  78|0x0000000784e00000, 0x0000000784e00000, 0x0000000784f00000|  0%| F|  |TAMS 0x0000000784e00000, 0x0000000784e00000| Untracked 
|  79|0x0000000784f00000, 0x0000000784f00000, 0x0000000785000000|  0%| F|  |TAMS 0x0000000784f00000, 0x0000000784f00000| Untracked 
|  80|0x0000000785000000, 0x0000000785000000, 0x0000000785100000|  0%| F|  |TAMS 0x0000000785000000, 0x0000000785000000| Untracked 
|  81|0x0000000785100000, 0x0000000785100000, 0x0000000785200000|  0%| F|  |TAMS 0x0000000785100000, 0x0000000785100000| Untracked 
|  82|0x0000000785200000, 0x0000000785200000, 0x0000000785300000|  0%| F|  |TAMS 0x0000000785200000, 0x0000000785200000| Untracked 
|  83|0x0000000785300000, 0x0000000785300000, 0x0000000785400000|  0%| F|  |TAMS 0x0000000785300000, 0x0000000785300000| Untracked 
|  84|0x0000000785400000, 0x0000000785400000, 0x0000000785500000|  0%| F|  |TAMS 0x0000000785400000, 0x0000000785400000| Untracked 
|  85|0x0000000785500000, 0x0000000785500000, 0x0000000785600000|  0%| F|  |TAMS 0x0000000785500000, 0x0000000785500000| Untracked 
|  86|0x0000000785600000, 0x0000000785600000, 0x0000000785700000|  0%| F|  |TAMS 0x0000000785600000, 0x0000000785600000| Untracked 
|  87|0x0000000785700000, 0x0000000785700000, 0x0000000785800000|  0%| F|  |TAMS 0x0000000785700000, 0x0000000785700000| Untracked 
|  88|0x0000000785800000, 0x0000000785800000, 0x0000000785900000|  0%| F|  |TAMS 0x0000000785800000, 0x0000000785800000| Untracked 
|  89|0x0000000785900000, 0x0000000785900000, 0x0000000785a00000|  0%| F|  |TAMS 0x0000000785900000, 0x0000000785900000| Untracked 
|  90|0x0000000785a00000, 0x0000000785a00000, 0x0000000785b00000|  0%| F|  |TAMS 0x0000000785a00000, 0x0000000785a00000| Untracked 
|  91|0x0000000785b00000, 0x0000000785b00000, 0x0000000785c00000|  0%| F|  |TAMS 0x0000000785b00000, 0x0000000785b00000| Untracked 
|  92|0x0000000785c00000, 0x0000000785c00000, 0x0000000785d00000|  0%| F|  |TAMS 0x0000000785c00000, 0x0000000785c00000| Untracked 
|  93|0x0000000785d00000, 0x0000000785d00000, 0x0000000785e00000|  0%| F|  |TAMS 0x0000000785d00000, 0x0000000785d00000| Untracked 
|  94|0x0000000785e00000, 0x0000000785e00000, 0x0000000785f00000|  0%| F|  |TAMS 0x0000000785e00000, 0x0000000785e00000| Untracked 
|  95|0x0000000785f00000, 0x0000000785f00000, 0x0000000786000000|  0%| F|  |TAMS 0x0000000785f00000, 0x0000000785f00000| Untracked 
|  96|0x0000000786000000, 0x0000000786000000, 0x0000000786100000|  0%| F|  |TAMS 0x0000000786000000, 0x0000000786000000| Untracked 
|  97|0x0000000786100000, 0x0000000786100000, 0x0000000786200000|  0%| F|  |TAMS 0x0000000786100000, 0x0000000786100000| Untracked 
|  98|0x0000000786200000, 0x0000000786200000, 0x0000000786300000|  0%| F|  |TAMS 0x0000000786200000, 0x0000000786200000| Untracked 
|  99|0x0000000786300000, 0x0000000786300000, 0x0000000786400000|  0%| F|  |TAMS 0x0000000786300000, 0x0000000786300000| Untracked 
| 100|0x0000000786400000, 0x0000000786400000, 0x0000000786500000|  0%| F|  |TAMS 0x0000000786400000, 0x0000000786400000| Untracked 
| 101|0x0000000786500000, 0x0000000786500000, 0x0000000786600000|  0%| F|  |TAMS 0x0000000786500000, 0x0000000786500000| Untracked 
| 102|0x0000000786600000, 0x0000000786600000, 0x0000000786700000|  0%| F|  |TAMS 0x0000000786600000, 0x0000000786600000| Untracked 
| 103|0x0000000786700000, 0x0000000786700000, 0x0000000786800000|  0%| F|  |TAMS 0x0000000786700000, 0x0000000786700000| Untracked 
| 104|0x0000000786800000, 0x0000000786800000, 0x0000000786900000|  0%| F|  |TAMS 0x0000000786800000, 0x0000000786800000| Untracked 
| 105|0x0000000786900000, 0x0000000786900000, 0x0000000786a00000|  0%| F|  |TAMS 0x0000000786900000, 0x0000000786900000| Untracked 
| 106|0x0000000786a00000, 0x0000000786a00000, 0x0000000786b00000|  0%| F|  |TAMS 0x0000000786a00000, 0x0000000786a00000| Untracked 
| 107|0x0000000786b00000, 0x0000000786b00000, 0x0000000786c00000|  0%| F|  |TAMS 0x0000000786b00000, 0x0000000786b00000| Untracked 
| 108|0x0000000786c00000, 0x0000000786c00000, 0x0000000786d00000|  0%| F|  |TAMS 0x0000000786c00000, 0x0000000786c00000| Untracked 
| 109|0x0000000786d00000, 0x0000000786d00000, 0x0000000786e00000|  0%| F|  |TAMS 0x0000000786d00000, 0x0000000786d00000| Untracked 
| 110|0x0000000786e00000, 0x0000000786e00000, 0x0000000786f00000|  0%| F|  |TAMS 0x0000000786e00000, 0x0000000786e00000| Untracked 
| 111|0x0000000786f00000, 0x0000000786f00000, 0x0000000787000000|  0%| F|  |TAMS 0x0000000786f00000, 0x0000000786f00000| Untracked 
| 112|0x0000000787000000, 0x0000000787000000, 0x0000000787100000|  0%| F|  |TAMS 0x0000000787000000, 0x0000000787000000| Untracked 
| 113|0x0000000787100000, 0x0000000787100000, 0x0000000787200000|  0%| F|  |TAMS 0x0000000787100000, 0x0000000787100000| Untracked 
| 114|0x0000000787200000, 0x0000000787200000, 0x0000000787300000|  0%| F|  |TAMS 0x0000000787200000, 0x0000000787200000| Untracked 
| 115|0x0000000787300000, 0x0000000787300000, 0x0000000787400000|  0%| F|  |TAMS 0x0000000787300000, 0x0000000787300000| Untracked 
| 116|0x0000000787400000, 0x0000000787400000, 0x0000000787500000|  0%| F|  |TAMS 0x0000000787400000, 0x0000000787400000| Untracked 
| 117|0x0000000787500000, 0x0000000787500000, 0x0000000787600000|  0%| F|  |TAMS 0x0000000787500000, 0x0000000787500000| Untracked 
| 118|0x0000000787600000, 0x0000000787600000, 0x0000000787700000|  0%| F|  |TAMS 0x0000000787600000, 0x0000000787600000| Untracked 
| 119|0x0000000787700000, 0x0000000787700000, 0x0000000787800000|  0%| F|  |TAMS 0x0000000787700000, 0x0000000787700000| Untracked 
| 120|0x0000000787800000, 0x0000000787800000, 0x0000000787900000|  0%| F|  |TAMS 0x0000000787800000, 0x0000000787800000| Untracked 
| 121|0x0000000787900000, 0x0000000787900000, 0x0000000787a00000|  0%| F|  |TAMS 0x0000000787900000, 0x0000000787900000| Untracked 
| 122|0x0000000787a00000, 0x0000000787a00000, 0x0000000787b00000|  0%| F|  |TAMS 0x0000000787a00000, 0x0000000787a00000| Untracked 
| 123|0x0000000787b00000, 0x0000000787b00000, 0x0000000787c00000|  0%| F|  |TAMS 0x0000000787b00000, 0x0000000787b00000| Untracked 
| 124|0x0000000787c00000, 0x0000000787cc8518, 0x0000000787d00000| 78%| E|  |TAMS 0x0000000787c00000, 0x0000000787c00000| Complete 
| 125|0x0000000787d00000, 0x0000000787e00000, 0x0000000787e00000|100%| E|CS|TAMS 0x0000000787d00000, 0x0000000787d00000| Complete 
| 126|0x0000000787e00000, 0x0000000787f00000, 0x0000000787f00000|100%| E|CS|TAMS 0x0000000787e00000, 0x0000000787e00000| Complete 
| 127|0x0000000787f00000, 0x0000000788000000, 0x0000000788000000|100%| E|CS|TAMS 0x0000000787f00000, 0x0000000787f00000| Complete 
|1022|0x00000007bfe00000, 0x00000007bfe51000, 0x00000007bff00000| 31%|OA|  |TAMS 0x00000007bfe00000, 0x00000007bfe00000| Untracked 
|1023|0x00000007bff00000, 0x00000007bff79000, 0x00000007c0000000| 47%|CA|  |TAMS 0x00000007bff00000, 0x00000007bff00000| Untracked 

Card table byte_map: [0x0000000105e39000,0x0000000106239000] _byte_map_base: 0x0000000102239000

Marking Bits (Prev, Next): (CMBitMap*) 0x00007f8ebb816810, (CMBitMap*) 0x00007f8ebb816850
 Prev Bits: [0x0000000106639000, 0x0000000108639000)
 Next Bits: [0x0000000108639000, 0x000000010a639000)

Polling page: 0x00000001027c2000

Metaspace:

Usage:
  Non-class:      4.46 MB capacity,     2.20 MB ( 49%) used,     2.25 MB ( 50%) free+waste,     4.81 KB ( <1%) overhead. 
      Class:    486.00 KB capacity,   245.28 KB ( 50%) used,   238.41 KB ( 49%) free+waste,     2.31 KB ( <1%) overhead. 
       Both:      4.93 MB capacity,     2.44 MB ( 50%) used,     2.48 MB ( 50%) free+waste,     7.12 KB ( <1%) overhead. 

Virtual space:
  Non-class space:        8.00 MB reserved,       4.50 MB ( 56%) committed 
      Class space:        1.00 GB reserved,     512.00 KB ( <1%) committed 
             Both:        1.01 GB reserved,       5.00 MB ( <1%) committed 

Chunk freelists:
   Non-Class:  46.00 KB
       Class:  10.00 KB
        Both:  56.00 KB

MaxMetaspaceSize: 17179869184.00 GB
CompressedClassSpaceSize: 1.00 GB

CodeHeap 'non-profiled nmethods': size=120032Kb used=154Kb max_used=154Kb free=119877Kb
 bounds [0x000000011b61c000, 0x000000011b88c000, 0x0000000122b54000]
CodeHeap 'profiled nmethods': size=120028Kb used=515Kb max_used=515Kb free=119512Kb
 bounds [0x00000001140e5000, 0x0000000114355000, 0x000000011b61c000]
CodeHeap 'non-nmethods': size=5700Kb used=1143Kb max_used=1157Kb free=4556Kb
 bounds [0x0000000113b54000, 0x0000000113dc4000, 0x00000001140e5000]
 total_blobs=850 nmethods=452 adapters=312
 compilation: enabled
              stopped_count=0, restarted_count=0
 full_count=0

Compilation events (20 events):
Event: 0.590 Thread 0x00007f8ebb060200  442       3       java.util.HashMap::isEmpty (13 bytes)
Event: 0.591 Thread 0x00007f8ebb060200 nmethod 442 0x0000000114163110 code [0x00000001141632a0, 0x00000001141633f0]
Event: 0.591 Thread 0x00007f8ebb060200  444       3       java.lang.reflect.Field::setFieldAccessor (34 bytes)
Event: 0.591 Thread 0x00007f8ebb060200 nmethod 444 0x0000000114163490 code [0x0000000114163660, 0x0000000114163aa0]
Event: 0.591 Thread 0x00007f8ebb060200  443       1       java.lang.reflect.Field::getRoot (5 bytes)
Event: 0.592 Thread 0x00007f8ebb060200 nmethod 443 0x000000011b641e90 code [0x000000011b642020, 0x000000011b6420d0]
Event: 0.594 Thread 0x00007f8ebb060200  445       3       java.lang.Integer::valueOf (32 bytes)
Event: 0.594 Thread 0x00007f8ebb060200 nmethod 445 0x0000000114163b90 code [0x0000000114163d40, 0x0000000114164050]
Event: 0.594 Thread 0x00007f8ebb060200  446       3       java.nio.Buffer::remaining (10 bytes)
Event: 0.595 Thread 0x00007f8ebb060200 nmethod 446 0x0000000114164190 code [0x0000000114164320, 0x0000000114164410]
Event: 0.595 Thread 0x00007f8ebb060200  447       3       java.lang.StringConcatHelper::newArray (26 bytes)
Event: 0.595 Thread 0x00007f8ebb060200 nmethod 447 0x0000000114164490 code [0x0000000114164640, 0x0000000114164880]
Event: 0.596 Thread 0x00007f8ebb060200  448       1       java.security.CodeSource::getLocation (5 bytes)
Event: 0.596 Thread 0x00007f8ebb060200 nmethod 448 0x000000011b642190 code [0x000000011b642320, 0x000000011b6423d0]
Event: 0.597 Thread 0x00007f8ebb846c00  450       4       java.lang.StringLatin1::lastIndexOf (40 bytes)
Event: 0.597 Thread 0x00007f8ebb060200  449       3       jdk.internal.misc.Unsafe::allocateUninitializedArray0 (90 bytes)
Event: 0.597 Thread 0x00007f8ebb060200 nmethod 449 0x0000000114164990 code [0x0000000114164b60, 0x0000000114165410]
Event: 0.600 Thread 0x00007f8ebb060200  451       3       java.util.zip.Inflater::ensureOpen (47 bytes)
Event: 0.600 Thread 0x00007f8ebb060200 nmethod 451 0x0000000114165590 code [0x0000000114165740, 0x00000001141659a0]
Event: 0.601 Thread 0x00007f8ebb846c00 nmethod 450 0x000000011b642490 code [0x000000011b642600, 0x000000011b6427b8]

GC Heap History (0 events):
No events

Deoptimization events (4 events):
Event: 0.155 Thread 0x00007f8ebb812e00 Uncommon trap: trap_request=0xfffffff4 fr.pc=0x000000011b629524 relative=0x00000000000001a4
Event: 0.155 Thread 0x00007f8ebb812e00 Uncommon trap: reason=null_check action=make_not_entrant pc=0x000000011b629524 method=java.lang.String.equals(Ljava/lang/Object;)Z @ 8 c2
Event: 0.155 Thread 0x00007f8ebb812e00 DEOPT PACKING pc=0x000000011b629524 sp=0x0000700008b6e640
Event: 0.155 Thread 0x00007f8ebb812e00 DEOPT UNPACKING pc=0x0000000113ba2125 sp=0x0000700008b6e608 mode 2

Classes unloaded (0 events):
No events

Classes redefined (0 events):
No events

Internal exceptions (9 events):
Event: 0.155 Thread 0x00007f8ebb812e00 Implicit null exception at 0x000000011b6293b5 to 0x000000011b629514
Event: 0.179 Thread 0x00007f8ebc835600 Exception <a 'java/lang/NoSuchMethodError'{0x0000000787e9a0f0}: 'java.lang.Object java.lang.invoke.DirectMethodHandle$Holder.invokeStatic(java.lang.Object)'> (0x0000000787e9a0f0) 
thrown [./open/src/hotspot/share/interpreter/linkResolver.cpp, line 782]
Event: 0.180 Thread 0x00007f8ebc835600 Exception <a 'java/lang/NoSuchMethodError'{0x0000000787e9d8d8}: 'java.lang.Object java.lang.invoke.DirectMethodHandle$Holder.invokeStaticInit(java.lang.Object)'> (0x0000000787e9d8d8) 
thrown [./open/src/hotspot/share/interpreter/linkResolver.cpp, line 782]
Event: 0.201 Thread 0x00007f8ebc835600 Exception <a 'java/lang/NoSuchMethodError'{0x0000000787eab618}: 'void java.lang.invoke.DirectMethodHandle$Holder.invokeStatic(java.lang.Object, java.lang.Object)'> (0x0000000787eab618) 
thrown [./open/src/hotspot/share/interpreter/linkResolver.cpp, line 782]
Event: 0.204 Thread 0x00007f8ebb812e00 Exception <a 'java/lang/ClassNotFoundException'{0x0000000787d18050}: sun/awt/resources/spi/awtProvider> (0x0000000787d18050) 
thrown [./open/src/hotspot/share/classfile/systemDictionary.cpp, line 295]
Event: 0.234 Thread 0x00007f8ebb812e00 Exception <a 'java/io/FileNotFoundException'{0x0000000787d6d290}> (0x0000000787d6d290) 
thrown [./open/src/hotspot/share/prims/jni.cpp, line 578]
Event: 0.251 Thread 0x00007f8ebb812e00 Exception <a 'java/io/FileNotFoundException'{0x0000000787d9bc40}> (0x0000000787d9bc40) 
thrown [./open/src/hotspot/share/prims/jni.cpp, line 578]
Event: 0.256 Thread 0x00007f8ebb812e00 Exception <a 'java/lang/ClassNotFoundException'{0x0000000787d9f9b8}: sun/awt/resources/spi/awtosxProvider> (0x0000000787d9f9b8) 
thrown [./open/src/hotspot/share/classfile/systemDictionary.cpp, line 295]
Event: 0.268 Thread 0x00007f8ebb812e00 Exception <a 'java/lang/NoSuchMethodError'{0x0000000787da5c78}: 'void java.lang.invoke.DirectMethodHandle$Holder.invokeSpecial(java.lang.Object, java.lang.Object, java.lang.Object)'> (0x0000000787da5c78) 
thrown [./open/src/hotspot/share/interpreter/linkResolver.cpp, line 782]

Events (20 events):
Event: 0.585 loading class java/awt/Point
Event: 0.586 loading class java/awt/geom/Point2D
Event: 0.586 loading class java/awt/geom/Point2D done
Event: 0.586 loading class java/awt/Point done
Event: 0.586 loading class java/awt/GraphicsConfiguration
Event: 0.586 loading class java/awt/GraphicsConfiguration done
Event: 0.586 loading class java/awt/Image
Event: 0.586 loading class java/awt/Image done
Event: 0.586 loading class java/awt/image/BufferedImage
Event: 0.586 loading class java/awt/image/WritableRenderedImage
Event: 0.586 loading class java/awt/image/RenderedImage
Event: 0.586 loading class java/awt/image/RenderedImage done
Event: 0.586 loading class java/awt/image/WritableRenderedImage done
Event: 0.586 loading class java/awt/Transparency
Event: 0.586 loading class java/awt/Transparency done
Event: 0.586 loading class java/awt/image/BufferedImage done
Event: 0.589 loading class jdk/internal/reflect/UnsafeQualifiedStaticIntegerFieldAccessorImpl
Event: 0.589 loading class jdk/internal/reflect/UnsafeQualifiedStaticIntegerFieldAccessorImpl done
Event: 0.602 loading class java/lang/NumberFormatException
Event: 0.602 loading class java/lang/NumberFormatException done


Dynamic libraries:
0x00007fff2a43c000 	/usr/lib/libz.1.dylib
0x000000010278e000 	/Library/Java/JavaVirtualMachines/jdk-15.jdk/Contents/Home/lib/libjli.dylib
0x00007fff34f14000 	/System/Library/Frameworks/Cocoa.framework/Versions/A/Cocoa
0x00007fff221cf000 	/System/Library/Frameworks/Security.framework/Versions/A/Security
0x00007fff33163000 	/System/Library/Frameworks/ApplicationServices.framework/Versions/A/ApplicationServices
0x00007fff2a504000 	/usr/lib/libSystem.B.dylib
0x00007fff2a4fe000 	/usr/lib/system/libcache.dylib
0x00007fff2a4ba000 	/usr/lib/system/libcommonCrypto.dylib
0x00007fff2a4e4000 	/usr/lib/system/libcompiler_rt.dylib
0x00007fff2a4d9000 	/usr/lib/system/libcopyfile.dylib
0x00007fff200ab000 	/usr/lib/system/libcorecrypto.dylib
0x00007fff20174000 	/usr/lib/system/libdispatch.dylib
0x00007fff20328000 	/usr/lib/system/libdyld.dylib
0x00007fff2a4f5000 	/usr/lib/system/libkeymgr.dylib
0x00007fff2d92f000 	/usr/lib/system/liblaunch.dylib
0x00007fff2a498000 	/usr/lib/system/libmacho.dylib
0x00007fff29cb3000 	/usr/lib/system/libquarantine.dylib
0x00007fff2a4f2000 	/usr/lib/system/libremovefile.dylib
0x00007fff24b5c000 	/usr/lib/system/libsystem_asl.dylib
0x00007fff2005b000 	/usr/lib/system/libsystem_blocks.dylib
0x00007fff201f5000 	/usr/lib/system/libsystem_c.dylib
0x00007fff2a4ec000 	/usr/lib/system/libsystem_collections.dylib
0x00007fff28fa8000 	/usr/lib/system/libsystem_configuration.dylib
0x00007fff28299000 	/usr/lib/system/libsystem_containermanager.dylib
0x00007fff2a234000 	/usr/lib/system/libsystem_coreservices.dylib
0x00007fff22781000 	/usr/lib/system/libsystem_darwin.dylib
0x00007fff2a4f6000 	/usr/lib/system/libsystem_dnssd.dylib
0x00007fff201f2000 	/usr/lib/system/libsystem_featureflags.dylib
0x00007fff2036d000 	/usr/lib/system/libsystem_info.dylib
0x00007fff2a44f000 	/usr/lib/system/libsystem_m.dylib
0x00007fff20147000 	/usr/lib/system/libsystem_malloc.dylib
0x00007fff24af0000 	/usr/lib/system/libsystem_networkextension.dylib
0x00007fff22b9b000 	/usr/lib/system/libsystem_notify.dylib
0x00007fff2fdcd000 	/usr/lib/system/libsystem_product_info_filter.dylib
0x00007fff28fac000 	/usr/lib/system/libsystem_sandbox.dylib
0x00007fff2a4ef000 	/usr/lib/system/libsystem_secinit.dylib
0x00007fff202ed000 	/usr/lib/system/libsystem_kernel.dylib
0x00007fff20363000 	/usr/lib/system/libsystem_platform.dylib
0x00007fff2031c000 	/usr/lib/system/libsystem_pthread.dylib
0x00007fff26252000 	/usr/lib/system/libsystem_symptoms.dylib
0x00007fff20093000 	/usr/lib/system/libsystem_trace.dylib
0x00007fff2a4c6000 	/usr/lib/system/libunwind.dylib
0x00007fff2005d000 	/usr/lib/system/libxpc.dylib
0x00007fff202d4000 	/usr/lib/libc++abi.dylib
0x00007fff201b9000 	/usr/lib/libobjc.A.dylib
0x00007fff2a4d1000 	/usr/lib/liboah.dylib
0x00007fff2027e000 	/usr/lib/libc++.1.dylib
0x00007fff20399000 	/System/Library/Frameworks/CoreFoundation.framework/Versions/A/CoreFoundation
0x00007fff21143000 	/System/Library/Frameworks/Foundation.framework/Versions/C/Foundation
0x00007fff22bf3000 	/System/Library/Frameworks/AppKit.framework/Versions/C/AppKit
0x00007fff25a7c000 	/System/Library/Frameworks/CoreData.framework/Versions/A/CoreData
0x00007fff23950000 	/System/Library/PrivateFrameworks/UIFoundation.framework/Versions/A/UIFoundation
0x00007fff2fb46000 	/System/Library/PrivateFrameworks/RemoteViewServices.framework/Versions/A/RemoteViewServices
0x00007fff28968000 	/System/Library/PrivateFrameworks/XCTTargetBootstrap.framework/Versions/A/XCTTargetBootstrap
0x00007fff2b643000 	/usr/lib/libspindump.dylib
0x00007fff23ba4000 	/System/Library/Frameworks/UniformTypeIdentifiers.framework/Versions/A/UniformTypeIdentifiers
0x00007fff2713a000 	/usr/lib/libapp_launch_measurement.dylib
0x00007fff2713d000 	/System/Library/PrivateFrameworks/CoreAutoLayout.framework/Versions/A/CoreAutoLayout
0x00007fff282c9000 	/System/Library/Frameworks/Metal.framework/Versions/A/Metal
0x00007fff28fb7000 	/usr/lib/liblangid.dylib
0x00007fff2896c000 	/System/Library/PrivateFrameworks/CoreSVG.framework/Versions/A/CoreSVG
0x00007fff24b8b000 	/System/Library/PrivateFrameworks/SkyLight.framework/Versions/A/SkyLight
0x00007fff24eea000 	/System/Library/Frameworks/CoreGraphics.framework/Versions/A/CoreGraphics
0x00007fff3019d000 	/System/Library/Frameworks/Accelerate.framework/Versions/A/Accelerate
0x00007fff2b07e000 	/System/Library/PrivateFrameworks/IconServices.framework/Versions/A/IconServices
0x00007fff282aa000 	/System/Library/Frameworks/IOSurface.framework/Versions/A/IOSurface
0x00007fff26404000 	/usr/lib/libDiagnosticMessagesClient.dylib
0x00007fff28954000 	/System/Library/PrivateFrameworks/DFRFoundation.framework/Versions/A/DFRFoundation
0x00007fff2251f000 	/usr/lib/libicucore.A.dylib
0x00007fff2cb80000 	/System/Library/Frameworks/AudioToolbox.framework/Versions/A/AudioToolbox
0x00007fff2be2b000 	/System/Library/PrivateFrameworks/DataDetectorsCore.framework/Versions/A/DataDetectorsCore
0x00007fff28654000 	/System/Library/Frameworks/Carbon.framework/Versions/A/Frameworks/HIToolbox.framework/Versions/A/HIToolbox
0x00007fff26b9d000 	/System/Library/Frameworks/QuartzCore.framework/Versions/A/QuartzCore
0x00007fff2fb82000 	/System/Library/Frameworks/Carbon.framework/Versions/A/Frameworks/SpeechRecognition.framework/Versions/A/SpeechRecognition
0x00007fff26ea2000 	/System/Library/PrivateFrameworks/CoreUI.framework/Versions/A/CoreUI
0x00007fff21b2b000 	/System/Library/Frameworks/CoreAudio.framework/Versions/A/CoreAudio
0x00007fff264ef000 	/System/Library/Frameworks/DiskArbitration.framework/Versions/A/DiskArbitration
0x00007fff2ba3c000 	/System/Library/PrivateFrameworks/MultitouchSupport.framework/Versions/A/MultitouchSupport
0x00007fff2be22000 	/System/Library/PrivateFrameworks/InternationalSupport.framework/Versions/A/InternationalSupport
0x00007fff24aff000 	/usr/lib/libenergytrace.dylib
0x00007fff22aed000 	/System/Library/Frameworks/IOKit.framework/Versions/A/IOKit
0x00007fff2fecf000 	/System/Library/Frameworks/CoreServices.framework/Versions/A/CoreServices
0x00007fff270d0000 	/System/Library/PrivateFrameworks/PerformanceAnalysis.framework/Versions/A/PerformanceAnalysis
0x00007fff6b3b7000 	/System/Library/Frameworks/OpenGL.framework/Versions/A/OpenGL
0x00007fff2bea7000 	/System/Library/PrivateFrameworks/UserActivity.framework/Versions/A/UserActivity
0x00007fff2557e000 	/System/Library/Frameworks/ColorSync.framework/Versions/A/ColorSync
0x00007fff28bd0000 	/System/Library/Frameworks/CoreImage.framework/Versions/A/CoreImage
0x00007fff21941000 	/System/Library/Frameworks/CoreText.framework/Versions/A/CoreText
0x00007fff28996000 	/System/Library/Frameworks/ImageIO.framework/Versions/A/ImageIO
0x00007fff2a50a000 	/System/Library/PrivateFrameworks/SoftLinking.framework/Versions/A/SoftLinking
0x00007fff27186000 	/usr/lib/libxml2.2.dylib
0x00007fff2a77c000 	/usr/lib/libcompression.dylib
0x00007fff24b00000 	/usr/lib/libMobileGestalt.dylib
0x00007fff2bd55000 	/System/Library/PrivateFrameworks/TextureIO.framework/Versions/A/TextureIO
0x00007fff2ada2000 	/usr/lib/libate.dylib
0x00007fff2ab87000 	/usr/lib/liblzma.5.dylib
0x00007fff20e59000 	/System/Library/Frameworks/SystemConfiguration.framework/Versions/A/SystemConfiguration
0x00007fff2a506000 	/usr/lib/libfakelink.dylib
0x00007fff24652000 	/System/Library/Frameworks/CFNetwork.framework/Versions/A/CFNetwork
0x00007fff2a646000 	/usr/lib/libarchive.2.dylib
0x00007fff20ed6000 	/usr/lib/libCRFSuite.dylib
0x00007fff29cda000 	/usr/lib/libbsm.0.dylib
0x00007fff2400e000 	/usr/lib/libnetwork.dylib
0x00007fff2a50b000 	/usr/lib/libpcap.A.dylib
0x00007fff2624b000 	/usr/lib/libdns_services.dylib
0x00007fff2aba0000 	/usr/lib/libcoretls_cfhelpers.dylib
0x00007fff2a74a000 	/usr/lib/libapple_nghttp2.dylib
0x00007fff2a49e000 	/usr/lib/system/libkxld.dylib
0x00007fff25eb1000 	/usr/lib/libsqlite3.dylib
0x00007fff2a216000 	/System/Library/PrivateFrameworks/AppleFSCompression.framework/Versions/A/AppleFSCompression
0x00007fff29cc2000 	/usr/lib/libcoretls.dylib
0x00007fff2a777000 	/usr/lib/libpam.2.dylib
0x00007fff2ac9d000 	/usr/lib/libxar.1.dylib
0x00007fff28fb3000 	/System/Library/PrivateFrameworks/AppleSystemInfo.framework/Versions/A/AppleSystemInfo
0x00007fff29905000 	/System/Library/PrivateFrameworks/IOMobileFramebuffer.framework/Versions/A/IOMobileFramebuffer
0x00007fff2a226000 	/usr/lib/libbz2.1.0.dylib
0x00007fff2a543000 	/usr/lib/libiconv.2.dylib
0x00007fff2a497000 	/usr/lib/libcharset.1.dylib
0x00007fff2710c000 	/System/Library/Frameworks/CoreServices.framework/Versions/A/Frameworks/FSEvents.framework/Versions/A/FSEvents
0x00007fff2278b000 	/System/Library/Frameworks/CoreServices.framework/Versions/A/Frameworks/CarbonCore.framework/Versions/A/CarbonCore
0x00007fff26454000 	/System/Library/Frameworks/CoreServices.framework/Versions/A/Frameworks/Metadata.framework/Versions/A/Metadata
0x00007fff2a239000 	/System/Library/Frameworks/CoreServices.framework/Versions/A/Frameworks/OSServices.framework/Versions/A/OSServices
0x00007fff2a6b8000 	/System/Library/Frameworks/CoreServices.framework/Versions/A/Frameworks/SearchKit.framework/Versions/A/SearchKit
0x00007fff261d5000 	/System/Library/Frameworks/CoreServices.framework/Versions/A/Frameworks/AE.framework/Versions/A/AE
0x00007fff20835000 	/System/Library/Frameworks/CoreServices.framework/Versions/A/Frameworks/LaunchServices.framework/Versions/A/LaunchServices
0x00007fff2ab38000 	/System/Library/Frameworks/CoreServices.framework/Versions/A/Frameworks/DictionaryServices.framework/Versions/A/DictionaryServices
0x00007fff27115000 	/System/Library/Frameworks/CoreServices.framework/Versions/A/Frameworks/SharedFileList.framework/Versions/A/SharedFileList
0x00007fff29cb6000 	/usr/lib/libCheckFix.dylib
0x00007fff24b73000 	/System/Library/PrivateFrameworks/TCC.framework/Versions/A/TCC
0x00007fff28fb9000 	/System/Library/PrivateFrameworks/CoreNLP.framework/Versions/A/CoreNLP
0x00007fff26407000 	/System/Library/PrivateFrameworks/MetadataUtilities.framework/Versions/A/MetadataUtilities
0x00007fff20f0c000 	/usr/lib/libmecabra.dylib
0x00007fff29fc9000 	/System/Library/Frameworks/MLCompute.framework/Versions/A/MLCompute
0x00007fff29ceb000 	/usr/lib/libmecab.dylib
0x00007fff29d35000 	/usr/lib/libgermantok.dylib
0x00007fff2a720000 	/usr/lib/libThaiTokenizer.dylib
0x00007fff2acd8000 	/usr/lib/libChineseTokenizer.dylib
0x00007fff2a775000 	/System/Library/Frameworks/MetalPerformanceShaders.framework/Versions/A/MetalPerformanceShaders
0x00007fff264f6000 	/System/Library/Frameworks/Accelerate.framework/Versions/A/Frameworks/vImage.framework/Versions/A/vImage
0x00007fff2fea8000 	/System/Library/Frameworks/Accelerate.framework/Versions/A/Frameworks/vecLib.framework/Versions/A/vecLib
0x00007fff2ace3000 	/System/Library/Frameworks/Accelerate.framework/Versions/A/Frameworks/vecLib.framework/Versions/A/libvMisc.dylib
0x00007fff2971e000 	/System/Library/Frameworks/Accelerate.framework/Versions/A/Frameworks/vecLib.framework/Versions/A/libvDSP.dylib
0x00007fff20b38000 	/System/Library/Frameworks/Accelerate.framework/Versions/A/Frameworks/vecLib.framework/Versions/A/libBLAS.dylib
0x00007fff2a79b000 	/System/Library/Frameworks/Accelerate.framework/Versions/A/Frameworks/vecLib.framework/Versions/A/libLAPACK.dylib
0x00007fff29d3b000 	/System/Library/Frameworks/Accelerate.framework/Versions/A/Frameworks/vecLib.framework/Versions/A/libLinearAlgebra.dylib
0x00007fff2a762000 	/System/Library/Frameworks/Accelerate.framework/Versions/A/Frameworks/vecLib.framework/Versions/A/libSparseBLAS.dylib
0x00007fff2a795000 	/System/Library/Frameworks/Accelerate.framework/Versions/A/Frameworks/vecLib.framework/Versions/A/libQuadrature.dylib
0x00007fff29061000 	/System/Library/Frameworks/Accelerate.framework/Versions/A/Frameworks/vecLib.framework/Versions/A/libBNNS.dylib
0x00007fff20dea000 	/System/Library/Frameworks/Accelerate.framework/Versions/A/Frameworks/vecLib.framework/Versions/A/libSparse.dylib
0x00007fff28f4c000 	/System/Library/Frameworks/MetalPerformanceShaders.framework/Versions/A/Frameworks/MPSCore.framework/Versions/A/MPSCore
0x00007fff2a185000 	/System/Library/Frameworks/MetalPerformanceShaders.framework/Versions/A/Frameworks/MPSImage.framework/Versions/A/MPSImage
0x00007fff29d51000 	/System/Library/Frameworks/MetalPerformanceShaders.framework/Versions/A/Frameworks/MPSNeuralNetwork.framework/Versions/A/MPSNeuralNetwork
0x00007fff2a110000 	/System/Library/Frameworks/MetalPerformanceShaders.framework/Versions/A/Frameworks/MPSMatrix.framework/Versions/A/MPSMatrix
0x00007fff29f79000 	/System/Library/Frameworks/MetalPerformanceShaders.framework/Versions/A/Frameworks/MPSRayIntersector.framework/Versions/A/MPSRayIntersector
0x00007fff2a147000 	/System/Library/Frameworks/MetalPerformanceShaders.framework/Versions/A/Frameworks/MPSNDArray.framework/Versions/A/MPSNDArray
0x00007fff20a64000 	/System/Library/PrivateFrameworks/MetalTools.framework/Versions/A/MetalTools
0x00007fff28fb1000 	/System/Library/PrivateFrameworks/AggregateDictionary.framework/Versions/A/AggregateDictionary
0x00007fff263df000 	/System/Library/PrivateFrameworks/CoreAnalytics.framework/Versions/A/CoreAnalytics
0x00007fff2a722000 	/System/Library/PrivateFrameworks/AppleSauce.framework/Versions/A/AppleSauce
0x00007fff282bc000 	/System/Library/PrivateFrameworks/IOAccelerator.framework/Versions/A/IOAccelerator
0x00007fff6b3ab000 	/System/Library/Frameworks/OpenGL.framework/Versions/A/Libraries/libCoreFSCache.dylib
0x00007fff214a7000 	/System/Library/PrivateFrameworks/LanguageModeling.framework/Versions/A/LanguageModeling
0x00007fff298f2000 	/System/Library/PrivateFrameworks/CoreEmoji.framework/Versions/A/CoreEmoji
0x00007fff2905a000 	/System/Library/PrivateFrameworks/LinguisticData.framework/Versions/A/LinguisticData
0x00007fff20d9c000 	/System/Library/PrivateFrameworks/Lexicon.framework/Versions/A/Lexicon
0x00007fff2a634000 	/usr/lib/libcmph.dylib
0x00007fff270ec000 	/System/Library/Frameworks/OpenDirectory.framework/Versions/A/Frameworks/CFOpenDirectory.framework/Versions/A/CFOpenDirectory
0x00007fff270dc000 	/System/Library/Frameworks/OpenDirectory.framework/Versions/A/OpenDirectory
0x00007fff2aba2000 	/System/Library/PrivateFrameworks/APFS.framework/Versions/A/APFS
0x00007fff29c17000 	/System/Library/Frameworks/SecurityFoundation.framework/Versions/A/SecurityFoundation
0x00007fff2acab000 	/usr/lib/libutil.dylib
0x00007fff22ab2000 	/System/Library/PrivateFrameworks/CoreServicesStore.framework/Versions/A/CoreServicesStore
0x00007fff29cae000 	/System/Library/Frameworks/ServiceManagement.framework/Versions/A/ServiceManagement
0x00007fff2acaf000 	/usr/lib/libxslt.1.dylib
0x00007fff29ca4000 	/System/Library/PrivateFrameworks/BackgroundTaskManagement.framework/Versions/A/BackgroundTaskManagement
0x00007fff2bc9f000 	/System/Library/Frameworks/ImageIO.framework/Versions/A/Resources/libRadiance.dylib
0x00007fff2bca9000 	/System/Library/Frameworks/ImageIO.framework/Versions/A/Resources/libJPEG.dylib
0x00007fff2bbf6000 	/System/Library/Frameworks/ImageIO.framework/Versions/A/Resources/libPng.dylib
0x00007fff2bc1d000 	/System/Library/Frameworks/ImageIO.framework/Versions/A/Resources/libTIFF.dylib
0x00007fff2bcfe000 	/System/Library/Frameworks/ImageIO.framework/Versions/A/Resources/libGIF.dylib
0x00007fff2b959000 	/System/Library/Frameworks/ImageIO.framework/Versions/A/Resources/libJP2.dylib
0x00007fff2b045000 	/usr/lib/libexpat.1.dylib
0x00007fff2b90f000 	/System/Library/PrivateFrameworks/AppleJPEG.framework/Versions/A/AppleJPEG
0x00007fff284f7000 	/System/Library/PrivateFrameworks/FontServices.framework/libFontParser.dylib
0x00007fff26189000 	/System/Library/PrivateFrameworks/RunningBoardServices.framework/Versions/A/RunningBoardServices
0x00007fff2ba38000 	/System/Library/PrivateFrameworks/WatchdogClient.framework/Versions/A/WatchdogClient
0x00007fff21594000 	/System/Library/Frameworks/CoreDisplay.framework/Versions/A/CoreDisplay
0x00007fff2840c000 	/System/Library/Frameworks/CoreMedia.framework/Versions/A/CoreMedia
0x00007fff27269000 	/System/Library/Frameworks/CoreVideo.framework/Versions/A/CoreVideo
0x00007fff2ba70000 	/System/Library/Frameworks/VideoToolbox.framework/Versions/A/VideoToolbox
0x00007fff26107000 	/System/Library/PrivateFrameworks/BaseBoard.framework/Versions/A/BaseBoard
0x00007fff2b18a000 	/System/Library/PrivateFrameworks/PersistentConnection.framework/Versions/A/PersistentConnection
0x00007fff25e9a000 	/System/Library/PrivateFrameworks/ProtocolBuffer.framework/Versions/A/ProtocolBuffer
0x00007fff260ee000 	/System/Library/PrivateFrameworks/CommonUtilities.framework/Versions/A/CommonUtilities
0x00007fff2b8a4000 	/System/Library/PrivateFrameworks/Bom.framework/Versions/A/Bom
0x00007fff2bc98000 	/System/Library/PrivateFrameworks/GPUWrangler.framework/Versions/A/GPUWrangler
0x00007fff2bc7b000 	/System/Library/PrivateFrameworks/IOPresentment.framework/Versions/A/IOPresentment
0x00007fff2bca3000 	/System/Library/PrivateFrameworks/DSExternalDisplay.framework/Versions/A/DSExternalDisplay
0x00007fff2bd03000 	/System/Library/PrivateFrameworks/CMCaptureCore.framework/Versions/A/CMCaptureCore
0x00007fff2b62a000 	/System/Library/PrivateFrameworks/AppServerSupport.framework/Versions/A/AppServerSupport
0x00007fff2d6d0000 	/System/Library/PrivateFrameworks/perfdata.framework/Versions/A/perfdata
0x00007fff29c06000 	/System/Library/PrivateFrameworks/AssertionServices.framework/Versions/A/AssertionServices
0x00007fff216cb000 	/System/Library/PrivateFrameworks/AudioToolboxCore.framework/Versions/A/AudioToolboxCore
0x00007fff283ef000 	/System/Library/PrivateFrameworks/caulk.framework/Versions/A/caulk
0x00007fff3c96a000 	/System/Library/PrivateFrameworks/SystemPolicy.framework/Versions/A/SystemPolicy
0x00007fff2ae3b000 	/usr/lib/libIOReport.dylib
0x00007fff2cef2000 	/usr/lib/libSMC.dylib
0x00007fff2bbc3000 	/usr/lib/libAudioToolboxUtility.dylib
0x00007fff3d2cf000 	/usr/lib/libmis.dylib
0x00007fff6b407000 	/System/Library/Frameworks/OpenGL.framework/Versions/A/Libraries/libGLU.dylib
0x00007fff6b3ca000 	/System/Library/Frameworks/OpenGL.framework/Versions/A/Libraries/libGFXShared.dylib
0x00007fff6b5d9000 	/System/Library/Frameworks/OpenGL.framework/Versions/A/Libraries/libGL.dylib
0x00007fff6b3d3000 	/System/Library/Frameworks/OpenGL.framework/Versions/A/Libraries/libGLImage.dylib
0x00007fff6b3c7000 	/System/Library/Frameworks/OpenGL.framework/Versions/A/Libraries/libCVMSPluginSupport.dylib
0x00007fff6b3b2000 	/System/Library/Frameworks/OpenGL.framework/Versions/A/Libraries/libCoreVMClient.dylib
0x00007fff6ca1a000 	/System/Library/Frameworks/OpenCL.framework/Versions/A/OpenCL
0x00007fff2b1b4000 	/System/Library/PrivateFrameworks/GraphVisualizer.framework/Versions/A/GraphVisualizer
0x00007fff2b1c3000 	/System/Library/PrivateFrameworks/FaceCore.framework/Versions/A/FaceCore
0x00007fff2b5df000 	/System/Library/PrivateFrameworks/OTSVG.framework/Versions/A/OTSVG
0x00007fff26e60000 	/System/Library/Frameworks/ApplicationServices.framework/Versions/A/Frameworks/ATS.framework/Versions/A/Resources/libFontRegistry.dylib
0x00007fff2b631000 	/System/Library/PrivateFrameworks/FontServices.framework/libhvf.dylib
0x00007fff2aff1000 	/System/Library/PrivateFrameworks/AppleVA.framework/Versions/A/AppleVA
0x00007fff2cd3b000 	/System/Library/Frameworks/ApplicationServices.framework/Versions/A/Frameworks/ATS.framework/Versions/A/ATS
0x00007fff2d04d000 	/System/Library/Frameworks/ApplicationServices.framework/Versions/A/Frameworks/ColorSyncLegacy.framework/Versions/A/ColorSyncLegacy
0x00007fff25675000 	/System/Library/Frameworks/ApplicationServices.framework/Versions/A/Frameworks/HIServices.framework/Versions/A/HIServices
0x00007fff2d032000 	/System/Library/Frameworks/ApplicationServices.framework/Versions/A/Frameworks/LangAnalysis.framework/Versions/A/LangAnalysis
0x00007fff2bd0d000 	/System/Library/Frameworks/ApplicationServices.framework/Versions/A/Frameworks/PrintCore.framework/Versions/A/PrintCore
0x00007fff2d055000 	/System/Library/Frameworks/ApplicationServices.framework/Versions/A/Frameworks/QD.framework/Versions/A/QD
0x00007fff2cd2b000 	/System/Library/Frameworks/ApplicationServices.framework/Versions/A/Frameworks/SpeechSynthesis.framework/Versions/A/SpeechSynthesis
0x00007fff2bcce000 	/System/Library/Frameworks/ApplicationServices.framework/Versions/A/Frameworks/ATSUI.framework/Versions/A/ATSUI
0x00007fff2cfd2000 	/usr/lib/libcups.2.dylib
0x00007fff2d042000 	/System/Library/PrivateFrameworks/NetAuth.framework/Versions/A/NetAuth
0x00007fff2d6ec000 	/System/Library/Frameworks/Kerberos.framework/Versions/A/Kerberos
0x00007fff2d6fc000 	/System/Library/Frameworks/GSS.framework/Versions/A/GSS
0x00007fff2cda7000 	/usr/lib/libresolv.9.dylib
0x00007fff2b646000 	/System/Library/PrivateFrameworks/Heimdal.framework/Versions/A/Heimdal
0x00007fff33463000 	/System/Library/Frameworks/Kerberos.framework/Versions/A/Libraries/libHeimdalProxy.dylib
0x00007fff2625a000 	/System/Library/Frameworks/Network.framework/Versions/A/Network
0x00007fff2b05f000 	/usr/lib/libheimdal-asn1.dylib
0x00007fff2d74c000 	/System/Library/PrivateFrameworks/CommonAuth.framework/Versions/A/CommonAuth
0x00007fff272b6000 	/System/Library/PrivateFrameworks/login.framework/Versions/A/Frameworks/loginsupport.framework/Versions/A/loginsupport
0x00007fff2ccb0000 	/System/Library/PrivateFrameworks/AudioSession.framework/Versions/A/AudioSession
0x00007fff2cd18000 	/usr/lib/libAudioStatistics.dylib
0x00007fff2b0ec000 	/System/Library/PrivateFrameworks/MediaExperience.framework/Versions/A/MediaExperience
0x00007fff2cb4e000 	/System/Library/PrivateFrameworks/AudioSession.framework/libSessionUtility.dylib
0x00007fff2d6dd000 	/usr/lib/libperfcheck.dylib
0x00007fff2d061000 	/System/Library/PrivateFrameworks/AudioResourceArbitration.framework/Versions/A/AudioResourceArbitration
0x00007fff2b069000 	/System/Library/PrivateFrameworks/IconFoundation.framework/Versions/A/IconFoundation
0x00007fff2fb72000 	/System/Library/PrivateFrameworks/SpeechRecognitionCore.framework/Versions/A/SpeechRecognitionCore
0x0000000104800000 	/Library/Java/JavaVirtualMachines/jdk-15.jdk/Contents/Home/lib/server/libjvm.dylib
0x00000001027b6000 	/Library/Java/JavaVirtualMachines/jdk-15.jdk/Contents/Home/lib/libjimage.dylib
0x00000001027c4000 	/Library/Java/JavaVirtualMachines/jdk-15.jdk/Contents/Home/lib/libinstrument.dylib
0x00000001027d4000 	/Library/Java/JavaVirtualMachines/jdk-15.jdk/Contents/Home/lib/libjava.dylib
0x000000010ae91000 	/Library/Java/JavaVirtualMachines/jdk-15.jdk/Contents/Home/lib/libzip.dylib
0x000000010ae9f000 	/Library/Java/JavaVirtualMachines/jdk-15.jdk/Contents/Home/lib/libnio.dylib
0x000000010aeb3000 	/Library/Java/JavaVirtualMachines/jdk-15.jdk/Contents/Home/lib/libnet.dylib
0x000000010aecc000 	/Library/Java/JavaVirtualMachines/jdk-15.jdk/Contents/Home/lib/libverify.dylib
0x000000010aedd000 	/Library/Java/JavaVirtualMachines/jdk-15.jdk/Contents/Home/lib/libextnet.dylib
0x000000010aee4000 	/Library/Java/JavaVirtualMachines/jdk-15.jdk/Contents/Home/lib/libawt.dylib
0x000000010af9b000 	/Library/Java/JavaVirtualMachines/jdk-15.jdk/Contents/Home/lib/libmlib_image.dylib
0x00007fff6e43e000 	/System/Library/Frameworks/JavaNativeFoundation.framework/Versions/A/JavaNativeFoundation
0x00007fff6e44a000 	/System/Library/Frameworks/JavaRuntimeSupport.framework/Versions/A/JavaRuntimeSupport
0x00007fff3c6ec000 	/System/Library/Frameworks/Carbon.framework/Versions/A/Carbon
0x00007fff31b52000 	/System/Library/PrivateFrameworks/CoreSymbolication.framework/Versions/A/CoreSymbolication
0x00007fff36352000 	/System/Library/Frameworks/Carbon.framework/Versions/A/Frameworks/CommonPanels.framework/Versions/A/CommonPanels
0x00007fff32f22000 	/System/Library/Frameworks/Carbon.framework/Versions/A/Frameworks/Help.framework/Versions/A/Help
0x00007fff36356000 	/System/Library/Frameworks/Carbon.framework/Versions/A/Frameworks/ImageCapture.framework/Versions/A/ImageCapture
0x00007fff3632e000 	/System/Library/Frameworks/Carbon.framework/Versions/A/Frameworks/OpenScripting.framework/Versions/A/OpenScripting
0x00007fff3634e000 	/System/Library/Frameworks/Carbon.framework/Versions/A/Frameworks/Ink.framework/Versions/A/Ink
0x00007fff3c6e8000 	/System/Library/Frameworks/Carbon.framework/Versions/A/Frameworks/Print.framework/Versions/A/Print
0x00007fff3634a000 	/System/Library/Frameworks/Carbon.framework/Versions/A/Frameworks/SecurityHI.framework/Versions/A/SecurityHI
0x00007fff31b15000 	/System/Library/PrivateFrameworks/DebugSymbols.framework/Versions/A/DebugSymbols
0x000000010b037000 	/Library/Java/JavaVirtualMachines/jdk-15.jdk/Contents/Home/lib/libawt_lwawt.dylib
0x000000010b0f1000 	/Library/Java/JavaVirtualMachines/jdk-15.jdk/Contents/Home/lib/libosxapp.dylib
0x00007fff3bd74000 	/System/Library/Frameworks/ExceptionHandling.framework/Versions/A/ExceptionHandling
0x000000010b111000 	/Library/Java/JavaVirtualMachines/jdk-15.jdk/Contents/Home/lib/libfontmanager.dylib
0x000000010b23d000 	/Library/Java/JavaVirtualMachines/jdk-15.jdk/Contents/Home/lib/libfreetype.dylib
0x00007fff22a73000 	/System/Library/PrivateFrameworks/CoreServicesInternal.framework/Versions/A/CoreServicesInternal
0x00007fff31078000 	/System/Library/Frameworks/FileProvider.framework/Versions/A/FileProvider
0x00007fff26071000 	/System/Library/Frameworks/Accounts.framework/Versions/A/Accounts
0x00007fff31199000 	/System/Library/PrivateFrameworks/GenerationalStorage.framework/Versions/A/GenerationalStorage
0x00007fff30a97000 	/System/Library/PrivateFrameworks/SymptomDiagnosticReporter.framework/Versions/A/SymptomDiagnosticReporter
0x00007fff2e389000 	/System/Library/PrivateFrameworks/AppContainer.framework/Versions/A/AppContainer
0x00007fff23bb7000 	/System/Library/PrivateFrameworks/DesktopServicesPriv.framework/Versions/A/DesktopServicesPriv
0x00007fff22ba7000 	/usr/lib/libsandbox.1.dylib
0x00007fff272e2000 	/System/Library/PrivateFrameworks/UserManagement.framework/Versions/A/UserManagement
0x00007fff29be3000 	/System/Library/PrivateFrameworks/MobileKeyBag.framework/Versions/A/MobileKeyBag
0x00007fff344ce000 	/System/Library/PrivateFrameworks/ChunkingLibrary.framework/Versions/A/ChunkingLibrary
0x00007fff2e39e000 	/System/Library/PrivateFrameworks/SecCodeWrapper.framework/Versions/A/SecCodeWrapper
0x00007fff2ae43000 	/System/Library/PrivateFrameworks/CrashReporterSupport.framework/Versions/A/CrashReporterSupport
0x00007fff4776a000 	/System/Library/PrivateFrameworks/OSAnalytics.framework/Versions/A/OSAnalytics
0x00007fff78384000 	/usr/lib/libRosetta.dylib
0x00007fff32eb3000 	/System/Library/PrivateFrameworks/RemoteServiceDiscovery.framework/Versions/A/RemoteServiceDiscovery
0x00007fff5123a000 	/System/Library/PrivateFrameworks/Symbolication.framework/Versions/A/Symbolication
0x00007fff32ec3000 	/System/Library/PrivateFrameworks/RemoteXPC.framework/Versions/A/RemoteXPC
0x00007fff391b8000 	/System/Library/PrivateFrameworks/OSAServicesClient.framework/Versions/A/OSAServicesClient
0x00007fff3d2ae000 	/System/Library/PrivateFrameworks/MallocStackLogging.framework/Versions/A/MallocStackLogging
0x00007fff2e121000 	/System/Library/PrivateFrameworks/Sharing.framework/Versions/A/Sharing
0x00007fff32a90000 	/System/Library/PrivateFrameworks/Apple80211.framework/Versions/A/Apple80211
0x00007fff2a267000 	/System/Library/PrivateFrameworks/AuthKit.framework/Versions/A/AuthKit
0x00007fff299e3000 	/System/Library/PrivateFrameworks/CoreUtils.framework/Versions/A/CoreUtils
0x00007fff29910000 	/System/Library/Frameworks/CoreWLAN.framework/Versions/A/CoreWLAN
0x00007fff2e268000 	/System/Library/Frameworks/IOBluetooth.framework/Versions/A/IOBluetooth
0x00007fff32af4000 	/System/Library/PrivateFrameworks/CoreWiFi.framework/Versions/A/CoreWiFi
0x00007fff2d7d2000 	/System/Library/PrivateFrameworks/CorePhoneNumbers.framework/Versions/A/CorePhoneNumbers
0x00007fff30b9f000 	/System/Library/PrivateFrameworks/DiskManagement.framework/Versions/A/DiskManagement
0x00007fff30ab5000 	/System/Library/PrivateFrameworks/AppleIDAuthSupport.framework/Versions/A/AppleIDAuthSupport
0x00007fff2d7af000 	/System/Library/PrivateFrameworks/KeychainCircle.framework/Versions/A/KeychainCircle
0x00007fff30b6b000 	/System/Library/PrivateFrameworks/MediaKit.framework/Versions/A/MediaKit
0x00007fff30ac2000 	/System/Library/Frameworks/DiscRecording.framework/Versions/A/DiscRecording
0x00007fff2af65000 	/usr/lib/libCoreStorage.dylib
0x00007fff32f2e000 	/usr/lib/libcsfde.dylib
0x00007fff2e3a2000 	/System/Library/PrivateFrameworks/ProtectedCloudStorage.framework/Versions/A/ProtectedCloudStorage
0x00007fff32f26000 	/System/Library/PrivateFrameworks/EFILogin.framework/Versions/A/EFILogin
0x00007fff33516000 	/System/Library/Frameworks/AudioUnit.framework/Versions/A/AudioUnit
0x00007fff30a01000 	/System/Library/Frameworks/CoreBluetooth.framework/Versions/A/CoreBluetooth
0x00007fff2af5d000 	/usr/lib/libMatch.1.dylib
0x00007fff4348c000 	/System/Library/CoreServices/RawCamera.bundle/Contents/MacOS/RawCamera
0x00007fff2d75d000 	/System/Library/PrivateFrameworks/MobileAsset.framework/Versions/A/MobileAsset
0x00007fff3353b000 	/System/Library/PrivateFrameworks/StreamingZip.framework/Versions/A/StreamingZip
0x00007fff2bf06000 	/System/Library/Frameworks/MediaToolbox.framework/Versions/A/MediaToolbox
0x00007fff3104a000 	/System/Library/PrivateFrameworks/CoreAVCHD.framework/Versions/A/CoreAVCHD
0x00007fff301de000 	/System/Library/Frameworks/MediaAccessibility.framework/Versions/A/MediaAccessibility
0x00007fff31046000 	/System/Library/PrivateFrameworks/Mangrove.framework/Versions/A/Mangrove
0x00007fff301ea000 	/System/Library/PrivateFrameworks/AlgosScoreFramework.framework/Versions/A/AlgosScoreFramework
0x00007fff31a05000 	/System/Library/PrivateFrameworks/AppleVPA.framework/Versions/A/AppleVPA
0x00007fff30c8b000 	/System/Library/PrivateFrameworks/CoreAUC.framework/Versions/A/CoreAUC
0x00007fff40e83000 	/System/Library/Frameworks/Accelerate.framework/Versions/A/Frameworks/vImage.framework/Versions/A/Libraries/libCGInterfaces.dylib
0x000000010b90d000 	/usr/lib/libobjc-trampolines.dylib
0x00007fff26fe4000 	/System/Library/PrivateFrameworks/ViewBridge.framework/Versions/A/ViewBridge
0x0000000129321000 	/Users/melker.larsson3/Documents/Programming/Projects/GameEngine/libs/liblwjgl.jnilib
0x00000001293a0000 	/Library/Java/JavaVirtualMachines/jdk-15.jdk/Contents/Home/lib/libjawt.dylib
0x00007fff6b5e4000 	/System/Library/Frameworks/OpenGL.framework/Versions/A/Resources/GLEngine.bundle/GLEngine
0x00007fff6b444000 	/System/Library/Frameworks/OpenGL.framework/Versions/A/Libraries/libGLProgrammability.dylib
0x00007fff6368c000 	/System/Library/Extensions/AppleIntelICLGraphicsGLDriver.bundle/Contents/MacOS/AppleIntelICLGraphicsGLDriver
0x00007fff4610d000 	/System/Library/PrivateFrameworks/GPUSupport.framework/Versions/A/Libraries/libGPUSupportMercury.dylib
0x00007fff6b760000 	/System/Library/Frameworks/OpenGL.framework/Versions/A/Resources/GLRendererFloat.bundle/GLRendererFloat
0x00007fff2b707000 	/System/Library/PrivateFrameworks/login.framework/Versions/A/login


VM Arguments:
jvm_args: -Djava.library.path=libs/ -javaagent:/private/var/folders/07/r1lbv3ks4jq3629_b1dkxjvc0000gq/T/AppTranslocation/D5218C36-9BC8-4208-9B25-38CBDA993F41/d/IntelliJ IDEA CE.app/Contents/lib/idea_rt.jar=60207:/private/var/folders/07/r1lbv3ks4jq3629_b1dkxjvc0000gq/T/AppTranslocation/D5218C36-9BC8-4208-9B25-38CBDA993F41/d/IntelliJ IDEA CE.app/Contents/bin -Dfile.encoding=UTF-8 
java_command: com.melkerlarsson.engineTester.Main
java_class_path (initial): /Users/melker.larsson3/Documents/Programming/Projects/GameEngine/out/production/GameEngine:/Users/melker.larsson3/Documents/Programming/Documents/OpenGL/lib/jars/lwjgl.jar:/Users/melker.larsson3/Documents/Programming/Documents/OpenGL/lib/jars/lwjgl_util.jar:/Users/melker.larsson3/Documents/Programming/Documents/OpenGL/lib/jars/slick-util.jar
Launcher Type: SUN_STANDARD

[Global flags]
     intx CICompilerCount                          = 3                                         {product} {ergonomic}
     uint ConcGCThreads                            = 1                                         {product} {ergonomic}
     uint G1ConcRefinementThreads                  = 4                                         {product} {ergonomic}
   size_t G1HeapRegionSize                         = 1048576                                   {product} {ergonomic}
    uintx GCDrainStackTargetSize                   = 64                                        {product} {ergonomic}
   size_t InitialHeapSize                          = 134217728                                 {product} {ergonomic}
   size_t MarkStackSize                            = 4194304                                   {product} {ergonomic}
   size_t MaxHeapSize                              = 2147483648                                {product} {ergonomic}
   size_t MaxNewSize                               = 1287651328                                {product} {ergonomic}
   size_t MinHeapDeltaBytes                        = 1048576                                   {product} {ergonomic}
   size_t MinHeapSize                              = 8388608                                   {product} {ergonomic}
    uintx NonNMethodCodeHeapSize                   = 5832780                                {pd product} {ergonomic}
    uintx NonProfiledCodeHeapSize                  = 122912730                              {pd product} {ergonomic}
    uintx ProfiledCodeHeapSize                     = 122912730                              {pd product} {ergonomic}
    uintx ReservedCodeCacheSize                    = 251658240                              {pd product} {ergonomic}
     bool SegmentedCodeCache                       = true                                      {product} {ergonomic}
   size_t SoftMaxHeapSize                          = 2147483648                             {manageable} {ergonomic}
     bool UseCompressedClassPointers               = true                                 {lp64_product} {ergonomic}
     bool UseCompressedOops                        = true                                 {lp64_product} {ergonomic}
     bool UseG1GC                                  = true                                      {product} {ergonomic}
     bool UseNUMA                                  = false                                     {product} {ergonomic}
     bool UseNUMAInterleaving                      = false                                     {product} {ergonomic}

Logging:
Log output configuration:
 #0: stdout all=warning uptime,level,tags
 #1: stderr all=off uptime,level,tags

Environment Variables:
PATH=/usr/local/opt/ruby/bin:/Users/melker.larsson3/Documents/Programming/Documents/flutter/bin:/usr/local/bin:/usr/bin:/bin:/usr/sbin:/sbin:/usr/local/munki:/Library/Apple/usr/bin
SHELL=/bin/zsh
LC_CTYPE=sv_SE.UTF-8

Signal Handlers:
SIGSEGV: [libjvm.dylib+0xa0a820], sa_mask[0]=11111111011111110111111111111111, sa_flags=SA_ONSTACK|SA_RESTART|SA_SIGINFO
SIGBUS: [libjvm.dylib+0xa0a820], sa_mask[0]=11111111011111110111111111111111, sa_flags=SA_RESTART|SA_SIGINFO
SIGFPE: [libjvm.dylib+0xa0a820], sa_mask[0]=11111111011111110111111111111111, sa_flags=SA_RESTART|SA_SIGINFO
SIGPIPE: [libjvm.dylib+0x8291b0], sa_mask[0]=11111111011111110111111111111111, sa_flags=SA_RESTART|SA_SIGINFO
SIGXFSZ: [libjvm.dylib+0x8291b0], sa_mask[0]=11111111011111110111111111111111, sa_flags=SA_RESTART|SA_SIGINFO
SIGILL: [libjvm.dylib+0xa0a820], sa_mask[0]=11111111011111110111111111111111, sa_flags=SA_RESTART|SA_SIGINFO
SIGUSR2: [libjvm.dylib+0x829cc0], sa_mask[0]=00100000000000000000000000000000, sa_flags=SA_RESTART|SA_SIGINFO
SIGHUP: [libjvm.dylib+0x8283c0], sa_mask[0]=11111111011111110111111111111111, sa_flags=SA_RESTART|SA_SIGINFO
SIGINT: [libjvm.dylib+0x8283c0], sa_mask[0]=11111111011111110111111111111111, sa_flags=SA_RESTART|SA_SIGINFO
SIGTERM: [libjvm.dylib+0x8283c0], sa_mask[0]=11111111011111110111111111111111, sa_flags=SA_RESTART|SA_SIGINFO
SIGQUIT: [libjvm.dylib+0x8283c0], sa_mask[0]=11111111011111110111111111111111, sa_flags=SA_RESTART|SA_SIGINFO


---------------  S Y S T E M  ---------------

OS:uname: Darwin 20.1.0 Darwin Kernel Version 20.1.0: Sat Oct 31 00:07:11 PDT 2020; root:xnu-7195.50.7~2/RELEASE_X86_64 x86_64
OS uptime: 33 days 11:43 hours
rlimit (soft/hard): STACK 8192k/65532k , CORE 0k/infinity , NPROC 1392/2088 , NOFILE 10240/infinity , AS infinity/infinity , CPU infinity/infinity , DATA infinity/infinity , FSIZE infinity/infinity , MEMLOCK infinity/infinity , RSS infinity/infinity
load average: 2.48 2.91 3.00

CPU: total 4 (initial active 4) (2 cores per cpu, 2 threads per core) family 6 model 126 stepping 5, cmov, cx8, fxsr, mmx, sse, sse2, sse3, ssse3, sse4.1, sse4.2, popcnt, vzeroupper, avx, avx2, aes, clmul, erms, 3dnowpref, lzcnt, ht, tsc, tscinvbit, bmi1, bmi2, adx, sha, fma, clflush, clflushopt

Memory: 4k page, physical 8388608k(540184k free), swap 2097152k(819456k free)

vm_info: Java HotSpot(TM) 64-Bit Server VM (15+36-1562) for bsd-amd64 JRE (15+36-1562), built on Aug 11 2020 21:36:40 by "mach5one" with clang 4.2.1 Compatible Apple LLVM 10.0.0 (clang-1000.11.45.5)

END.
