#
# A fatal error has been detected by the Java Runtime Environment:
#
#  SIGSEGV (0xb) at pc=0x00007fff26d85b1d, pid=4882, tid=6147
#
# JRE version: Java(TM) SE Runtime Environment (15.0+36) (build 15+36-1562)
# Java VM: Java HotSpot(TM) 64-Bit Server VM (15+36-1562, mixed mode, sharing, tiered, compressed oops, g1 gc, bsd-amd64)
# Problematic frame:
# C  [QuartzCore+0x1e8b1d]  CA::Layer::retain_parent(CA::Transaction*) const+0x2f
#
# No core dump will be written. Core dumps have been disabled. To enable core dumping, try "ulimit -c unlimited" before starting Java again
#
# If you would like to submit a bug report, please visit:
#   https://bugreport.java.com/bugreport/crash.jsp
# The crash happened outside the Java Virtual Machine in native code.
# See problematic frame for where to report the bug.
#

---------------  S U M M A R Y ------------

Command Line: -Djava.library.path=libs/ -javaagent:/private/var/folders/07/r1lbv3ks4jq3629_b1dkxjvc0000gq/T/AppTranslocation/D5218C36-9BC8-4208-9B25-38CBDA993F41/d/IntelliJ IDEA CE.app/Contents/lib/idea_rt.jar=59170:/private/var/folders/07/r1lbv3ks4jq3629_b1dkxjvc0000gq/T/AppTranslocation/D5218C36-9BC8-4208-9B25-38CBDA993F41/d/IntelliJ IDEA CE.app/Contents/bin -Dfile.encoding=UTF-8 com.melkerlarsson.engineTester.Main

Host: MacBookAir9,1 x86_64 1100 MHz, 4 cores, 8G, Darwin 20.1.0
Time: Sun Feb 21 18:26:12 2021 CET elapsed time: 0.678574 seconds (0d 0h 0m 0s)

---------------  T H R E A D  ---------------

Current thread (0x00007fbd66008800):  JavaThread "main" [_thread_in_native, id=6147, stack(0x000070000c9d0000,0x000070000cad0000)]

Stack: [0x000070000c9d0000,0x000070000cad0000],  sp=0x000070000cacf460,  free space=1021k
Native frames: (J=compiled Java code, A=aot compiled Java code, j=interpreted, Vv=VM code, C=native code)
C  [QuartzCore+0x1e8b1d]  CA::Layer::retain_parent(CA::Transaction*) const+0x2f
C  [QuartzCore+0x1150c]  CA::Layer::remove_from_superlayer()+0x70
C  [AppKit+0x5dcfc]  -[NSView setLayer:]+0x9a
C  [AppKit+0x6e31fc]  NSOpenGLContextSetLayerOnViewIfNecessary+0xc4
C  [AppKit+0x6e335b]  __27-[NSOpenGLContext setView:]_block_invoke+0xc6
C  [AppKit+0x91226]  NSPerformVisuallyAtomicChange+0x84
C  [AppKit+0x3af642]  -[NSOpenGLContext setView:]+0x8b
C  [liblwjgl.jnilib+0x16b44]  Java_org_lwjgl_opengl_MacOSXContextImplementation_setView+0x94
j  org.lwjgl.opengl.MacOSXContextImplementation.setView(Ljava/nio/ByteBuffer;Ljava/nio/ByteBuffer;)V+0
j  org.lwjgl.opengl.MacOSXContextImplementation.makeCurrent(Lorg/lwjgl/opengl/PeerInfo;Ljava/nio/ByteBuffer;)V+7
j  org.lwjgl.opengl.ContextGL.makeCurrent()V+46
j  org.lwjgl.opengl.DrawableGL.makeCurrent()V+14
j  org.lwjgl.opengl.Display.makeCurrent()V+3
j  org.lwjgl.opengl.Display.makeCurrentAndSetSwapInterval()V+0
j  org.lwjgl.opengl.Display.create(Lorg/lwjgl/opengl/PixelFormat;Lorg/lwjgl/opengl/Drawable;Lorg/lwjgl/opengl/ContextAttribs;)V+108
j  org.lwjgl.opengl.Display.create(Lorg/lwjgl/opengl/PixelFormat;Lorg/lwjgl/opengl/ContextAttribs;)V+9
j  com.melkerlarsson.renderEngine.DisplayManager.createDisplay()V+42
j  com.melkerlarsson.engineTester.Main.main([Ljava/lang/String;)V+0
v  ~StubRoutines::call_stub
V  [libjvm.dylib+0x4ac892]  JavaCalls::call_helper(JavaValue*, methodHandle const&, JavaCallArguments*, Thread*)+0x2e2
V  [libjvm.dylib+0x50cd59]  jni_invoke_static(JNIEnv_*, JavaValue*, _jobject*, JNICallType, _jmethodID*, JNI_ArgumentPusher*, Thread*)+0x1f9
V  [libjvm.dylib+0x5102ea]  jni_CallStaticVoidMethod+0x18a
C  [libjli.dylib+0x4f3d]  JavaMain+0xc1d
C  [libjli.dylib+0x7659]  ThreadJavaMain+0x9
C  [libsystem_pthread.dylib+0x6950]  _pthread_start+0xe0
C  [libsystem_pthread.dylib+0x247b]  thread_start+0xf

Java frames: (J=compiled Java code, j=interpreted, Vv=VM code)
j  org.lwjgl.opengl.MacOSXContextImplementation.setView(Ljava/nio/ByteBuffer;Ljava/nio/ByteBuffer;)V+0
j  org.lwjgl.opengl.MacOSXContextImplementation.makeCurrent(Lorg/lwjgl/opengl/PeerInfo;Ljava/nio/ByteBuffer;)V+7
j  org.lwjgl.opengl.ContextGL.makeCurrent()V+46
j  org.lwjgl.opengl.DrawableGL.makeCurrent()V+14
j  org.lwjgl.opengl.Display.makeCurrent()V+3
j  org.lwjgl.opengl.Display.makeCurrentAndSetSwapInterval()V+0
j  org.lwjgl.opengl.Display.create(Lorg/lwjgl/opengl/PixelFormat;Lorg/lwjgl/opengl/Drawable;Lorg/lwjgl/opengl/ContextAttribs;)V+108
j  org.lwjgl.opengl.Display.create(Lorg/lwjgl/opengl/PixelFormat;Lorg/lwjgl/opengl/ContextAttribs;)V+9
j  com.melkerlarsson.renderEngine.DisplayManager.createDisplay()V+42
j  com.melkerlarsson.engineTester.Main.main([Ljava/lang/String;)V+0
v  ~StubRoutines::call_stub

siginfo: si_signo: 11 (SIGSEGV), si_code: 0 (unknown), si_addr: 0x0000000000000000

Register to memory mapping:

RAX=0x0000000000000001 is an unknown value
RBX=0x5000000000000000 is an unknown value
RCX=0x0000000000000002 is an unknown value
RDX=0x0000000000001803 is an unknown value
RSP=0x000070000cacf460 is pointing into the stack for thread: 0x00007fbd66008800
RBP=0x000070000cacf470 is pointing into the stack for thread: 0x00007fbd66008800
RSI=0x00007fbd65154600 points into unknown readable memory: 0x00007fbd65154678 | 78 46 15 65 bd 7f 00 00
RDI=0x00007fbd676044c0 points into unknown readable memory: 0x5000000000000000 | 00 00 00 00 00 00 00 50
R8 =0x00000000000130a8 is an unknown value
R9 =0x00007fbd645094b0 points into unknown readable memory: 0x0000000000000000 | 00 00 00 00 00 00 00 00
R10=0x0 is NULL
R11=0x0000000000000246 is an unknown value
R12=0x0000000000000090 is an unknown value
R13=0x00007fff201bed00: objc_msgSend+0 in /usr/lib/libobjc.A.dylib at 0x00007fff201b9000
R14=0x00007fbd65154600 points into unknown readable memory: 0x00007fbd65154678 | 78 46 15 65 bd 7f 00 00
R15=0x00007fbd647ae640 points into unknown readable memory: 0x0000000000000000 | 00 00 00 00 00 00 00 00


Registers:
RAX=0x0000000000000001, RBX=0x5000000000000000, RCX=0x0000000000000002, RDX=0x0000000000001803
RSP=0x000070000cacf460, RBP=0x000070000cacf470, RSI=0x00007fbd65154600, RDI=0x00007fbd676044c0
R8 =0x00000000000130a8, R9 =0x00007fbd645094b0, R10=0x0000000000000000, R11=0x0000000000000246
R12=0x0000000000000090, R13=0x00007fff201bed00, R14=0x00007fbd65154600, R15=0x00007fbd647ae640
RIP=0x00007fff26d85b1d, EFLAGS=0x0000000000010206, ERR=0x0000000000000000
  TRAPNO=0x000000000000000d

Top of Stack: (sp=0x000070000cacf460)
0x000070000cacf460:   00007fbd676044c0 00007fbd65154600
0x000070000cacf470:   000070000cacf4a0 00007fff26bae50c
0x000070000cacf480:   1fed844c06b90049 00007fbd647ae640
0x000070000cacf490:   00007fbd6458e350 00007fbd647a2320
0x000070000cacf4a0:   000070000cacf500 00007fff22c50cfc
0x000070000cacf4b0:   0000000000000000 0000000000000000
0x000070000cacf4c0:   0000000000000000 0000000000000000
0x000070000cacf4d0:   0000000300000003 00007fff201bed00
0x000070000cacf4e0:   00007fbd6448aca0 000070000cacf6c0
0x000070000cacf4f0:   00007fbd6458e350 00007fbd647a2320
0x000070000cacf500:   000070000cacf530 00007fff232d61fc
0x000070000cacf510:   00007fbd647a2320 00007fbd6448aca0
0x000070000cacf520:   000070000cacf5b8 00007fff7c606cc4
0x000070000cacf530:   000070000cacf570 00007fff232d635b
0x000070000cacf540:   0000000000000000 0000000000000000
0x000070000cacf550:   00007fbd6448aca0 000070000cacf6c0
0x000070000cacf560:   000070000cacf5b8 0000000000000000
0x000070000cacf570:   000070000cacf5a0 00007fff22c84226
0x000070000cacf580:   0000000000000000 00007fbd647a2320
0x000070000cacf590:   00007fbd6448a080 00007fbd66008800
0x000070000cacf5a0:   000070000cacf600 00007fff22fa2642
0x000070000cacf5b0:   0000000000000000 00007fff88a9adc0
0x000070000cacf5c0:   00000000c2000000 00007fff232d6295
0x000070000cacf5d0:   00007fff80532b18 0000000000000000
0x000070000cacf5e0:   00007fbd6448a080 00007fbd647a2320
0x000070000cacf5f0:   00007fbd64680a00 00007fbd6444e590
0x000070000cacf600:   000070000cacf630 0000000127481b44
0x000070000cacf610:   0000000108c7b988 0000000000000000
0x000070000cacf620:   0000000108c7b980 000070000cacf6c0
0x000070000cacf630:   000070000cacf698 00000001128b73f0
0x000070000cacf640:   0000000108c7a980 00000001128b70f6
0x000070000cacf650:   000070000cacf650 0000000108c7b980 

Instructions: (pc=0x00007fff26d85b1d)
0x00007fff26d85a1d:   83 ec 10 41 89 d0 48 8b 7f 10 48 c7 04 24 00 00
0x00007fff26d85a2d:   00 00 be 86 01 00 00 ba 21 00 00 00 b9 6d 00 00
0x00007fff26d85a3d:   00 45 31 c9 e8 f2 25 e2 ff 48 83 c4 10 5d c3 90
0x00007fff26d85a4d:   90 90 90 90 55 48 89 e5 48 8b 47 10 8b 40 30 c1
0x00007fff26d85a5d:   e8 1d 83 e0 01 5d c3 55 48 89 e5 48 83 ec 10 41
0x00007fff26d85a6d:   89 d0 48 8b 7f 10 48 c7 04 24 00 00 00 00 be 1a
0x00007fff26d85a7d:   01 00 00 ba 3d 00 00 00 b9 8b 00 00 00 45 31 c9
0x00007fff26d85a8d:   e8 a6 25 e2 ff 48 83 c4 10 5d c3 55 48 89 e5 41
0x00007fff26d85a9d:   56 53 f6 47 34 01 75 43 48 89 fb 48 8b 7f 10 48
0x00007fff26d85aad:   8b 35 cd 97 02 62 ff 15 4f 9b ff 61 48 85 c0 74
0x00007fff26d85abd:   2a 48 89 c7 e8 20 b7 07 00 49 89 c6 e8 00 c0 07
0x00007fff26d85acd:   00 49 39 c6 75 15 48 8b 7b 10 48 8b 35 3a 98 02
0x00007fff26d85add:   62 5b 41 5e 5d ff 25 20 9b ff 61 5b 41 5e 5d c3
0x00007fff26d85aed:   90 55 48 89 e5 41 56 53 49 89 f6 48 89 fb 8b 46
0x00007fff26d85afd:   14 8d 48 01 89 4e 14 85 c0 75 0c 48 8d 3d 11 2c
0x00007fff26d85b0d:   03 62 e8 22 cd 07 00 48 8b 5b 08 48 85 db 74 11
0x00007fff26d85b1d:   8b 03 85 c0 74 0b 8d 48 01 f0 0f b1 0b 75 f1 eb
0x00007fff26d85b2d:   02 31 db 4c 89 f7 e8 a6 b6 e1 ff 48 89 d8 5b 41
0x00007fff26d85b3d:   5e 5d c3 90 90 90 90 90 90 90 90 90 90 90 90 90
0x00007fff26d85b4d:   90 55 48 89 e5 41 56 53 49 89 fe 65 48 8b 1c 25
0x00007fff26d85b5d:   40 02 00 00 48 85 db 75 08 e8 8b 9a e1 ff 48 89
0x00007fff26d85b6d:   c3 49 8b 76 58 48 85 f6 74 08 48 89 df e8 87 8b
0x00007fff26d85b7d:   e2 ff 49 8b 7e 60 48 85 ff 74 2f 8b 43 14 8d 48
0x00007fff26d85b8d:   01 89 4b 14 85 c0 75 15 48 8d 3d 84 2b 03 62 e8
0x00007fff26d85b9d:   95 cc 07 00 49 8b 7e 60 48 85 ff 74 05 e8 29 c0
0x00007fff26d85bad:   e1 ff 48 89 df e8 27 b6 e1 ff 49 83 7e 48 00 74
0x00007fff26d85bbd:   1d 49 8d 7e 48 41 80 7e 50 00 74 0b 31 f6 5b 41
0x00007fff26d85bcd:   5e 5d e9 38 cc 07 00 48 c7 07 00 00 00 00 5b 41
0x00007fff26d85bdd:   5e 5d c3 48 89 c3 49 83 7e 48 00 74 1b 41 80 7e
0x00007fff26d85bed:   50 00 49 8d 7e 48 75 09 48 c7 07 00 00 00 00 eb
0x00007fff26d85bfd:   07 31 f6 e8 07 cc 07 00 48 89 df e8 f5 c6 07 00
0x00007fff26d85c0d:   0f 0b 90 90 90 90 90 90 90 90 90 90 90 90 90 55 


Stack slot to memory mapping:
stack at sp + 0 slots: 0x00007fbd676044c0 points into unknown readable memory: 0x5000000000000000 | 00 00 00 00 00 00 00 50
stack at sp + 1 slots: 0x00007fbd65154600 points into unknown readable memory: 0x00007fbd65154678 | 78 46 15 65 bd 7f 00 00
stack at sp + 2 slots: 0x000070000cacf4a0 is pointing into the stack for thread: 0x00007fbd66008800
stack at sp + 3 slots: 0x00007fff26bae50c: _ZN2CA5Layer22remove_from_superlayerEv+0x70 in /System/Library/Frameworks/QuartzCore.framework/Versions/A/QuartzCore at 0x00007fff26b9d000
stack at sp + 4 slots: 0x1fed844c06b90049 is an unknown value
stack at sp + 5 slots: 0x00007fbd647ae640 points into unknown readable memory: 0x0000000000000000 | 00 00 00 00 00 00 00 00
stack at sp + 6 slots: 0x00007fbd6458e350 points into unknown readable memory: 0x011dffff8848ee91 | 91 ee 48 88 ff ff 1d 01
stack at sp + 7 slots: 0x00007fbd647a2320 points into unknown readable memory: 0x013d8001274a8cbd | bd 8c 4a 27 01 80 3d 01


---------------  P R O C E S S  ---------------

Threads class SMR info:
_java_thread_list=0x00007fbd647593d0, length=13, elements={
0x00007fbd66008800, 0x00007fbd64833200, 0x00007fbd64835a00, 0x00007fbd6501e800,
0x00007fbd6501d400, 0x00007fbd65021000, 0x00007fbd6606e600, 0x00007fbd64834800,
0x00007fbd6606ec00, 0x00007fbd64838a00, 0x00007fbd64839000, 0x00007fbd65065600,
0x00007fbd66169800
}

Java Threads: ( => current thread )
=>0x00007fbd66008800 JavaThread "main" [_thread_in_native, id=6147, stack(0x000070000c9d0000,0x000070000cad0000)]
  0x00007fbd64833200 JavaThread "Reference Handler" daemon [_thread_blocked, id=17923, stack(0x000070000d0e5000,0x000070000d1e5000)]
  0x00007fbd64835a00 JavaThread "Finalizer" daemon [_thread_blocked, id=17155, stack(0x000070000d1e8000,0x000070000d2e8000)]
  0x00007fbd6501e800 JavaThread "Signal Dispatcher" daemon [_thread_blocked, id=41987, stack(0x000070000d3f1000,0x000070000d4f1000)]
  0x00007fbd6501d400 JavaThread "Service Thread" daemon [_thread_blocked, id=41219, stack(0x000070000d4f4000,0x000070000d5f4000)]
  0x00007fbd65021000 JavaThread "C2 CompilerThread0" daemon [_thread_blocked, id=40707, stack(0x000070000d5f7000,0x000070000d6f7000)]
  0x00007fbd6606e600 JavaThread "C1 CompilerThread0" daemon [_thread_blocked, id=39939, stack(0x000070000d6fa000,0x000070000d7fa000)]
  0x00007fbd64834800 JavaThread "Sweeper thread" daemon [_thread_blocked, id=23811, stack(0x000070000d7fd000,0x000070000d8fd000)]
  0x00007fbd6606ec00 JavaThread "Common-Cleaner" daemon [_thread_blocked, id=24323, stack(0x000070000d900000,0x000070000da00000)]
  0x00007fbd64838a00 JavaThread "Monitor Ctrl-Break" daemon [_thread_in_native, id=38403, stack(0x000070000da03000,0x000070000db03000)]
  0x00007fbd64839000 JavaThread "Notification Thread" daemon [_thread_blocked, id=37891, stack(0x000070000db06000,0x000070000dc06000)]
  0x00007fbd65065600 JavaThread "AppKit Thread" daemon [_thread_in_native, id=775, stack(0x00007ffeeeb32000,0x00007ffeef332000)]
  0x00007fbd66169800 JavaThread "AWT-Shutdown" [_thread_blocked, id=86275, stack(0x000070000dd0c000,0x000070000de0c000)]

Other Threads:
  0x00007fbd64615410 VMThread "VM Thread" [stack: 0x000070000cfe2000,0x000070000d0e2000] [id=18691]
  0x00007fbd647393c0 WatcherThread [stack: 0x000070000dc09000,0x000070000dd09000] [id=37379]
  0x00007fbd64412940 GCTaskThread "GC Thread#0" [stack: 0x000070000cad3000,0x000070000cbd3000] [id=12803]
  0x00007fbd64413ac0 ConcurrentGCThread "G1 Main Marker" [stack: 0x000070000cbd6000,0x000070000ccd6000] [id=19971]
  0x00007fbd64707ee0 ConcurrentGCThread "G1 Conc#0" [stack: 0x000070000ccd9000,0x000070000cdd9000] [id=19459]
  0x00007fbd64723910 ConcurrentGCThread "G1 Refine#0" [stack: 0x000070000cddc000,0x000070000cedc000] [id=19203]
  0x00007fbd64724990 ConcurrentGCThread "G1 Young RemSet Sampling" [stack: 0x000070000cedf000,0x000070000cfdf000] [id=14595]

Threads with active compile tasks:

VM state: not at safepoint (normal execution)

VM Mutex/Monitor currently owned by a thread: None

Heap address: 0x0000000780000000, size: 2048 MB, Compressed Oops mode: Zero based, Oop shift amount: 3
CDS archive(s) mapped at: [0x0000000800000000-0x0000000800b2c000-0x0000000800b2c000), size 11714560, SharedBaseAddress: 0x0000000800000000, ArchiveRelocationMode: 0.
Compressed class space mapped at: 0x0000000800b2c000-0x0000000840b2c000, size: 1073741824
Narrow klass base: 0x0000000800000000, Narrow klass shift: 3, Narrow klass range: 0x100000000

GC Precious Log:
 CPUs: 4 total, 4 available
 Memory: 8192M
 Large Page Support: Disabled
 NUMA Support: Disabled
 Compressed Oops: Enabled (Zero based)
 Heap Region Size: 1M
 Heap Min Capacity: 8M
 Heap Initial Capacity: 128M
 Heap Max Capacity: 2G
 Pre-touch: Disabled
 Parallel Workers: 4
 Concurrent Workers: 1
 Concurrent Refinement Workers: 4
 Periodic GC: Disabled

Heap:
 garbage-first heap   total 133120K, used 3880K [0x0000000780000000, 0x0000000800000000)
  region size 1024K, 4 young (4096K), 0 survivors (0K)
 Metaspace       used 2484K, capacity 4984K, committed 5120K, reserved 1056768K
  class space    used 245K, capacity 486K, committed 512K, reserved 1048576K

Heap Regions: E=young(eden), S=young(survivor), O=old, HS=humongous(starts), HC=humongous(continues), CS=collection set, F=free, OA=open archive, CA=closed archive, TAMS=top-at-mark-start (previous, next)
|   0|0x0000000780000000, 0x0000000780000000, 0x0000000780100000|  0%| F|  |TAMS 0x0000000780000000, 0x0000000780000000| Untracked 
|   1|0x0000000780100000, 0x0000000780100000, 0x0000000780200000|  0%| F|  |TAMS 0x0000000780100000, 0x0000000780100000| Untracked 
|   2|0x0000000780200000, 0x0000000780200000, 0x0000000780300000|  0%| F|  |TAMS 0x0000000780200000, 0x0000000780200000| Untracked 
|   3|0x0000000780300000, 0x0000000780300000, 0x0000000780400000|  0%| F|  |TAMS 0x0000000780300000, 0x0000000780300000| Untracked 
|   4|0x0000000780400000, 0x0000000780400000, 0x0000000780500000|  0%| F|  |TAMS 0x0000000780400000, 0x0000000780400000| Untracked 
|   5|0x0000000780500000, 0x0000000780500000, 0x0000000780600000|  0%| F|  |TAMS 0x0000000780500000, 0x0000000780500000| Untracked 
|   6|0x0000000780600000, 0x0000000780600000, 0x0000000780700000|  0%| F|  |TAMS 0x0000000780600000, 0x0000000780600000| Untracked 
|   7|0x0000000780700000, 0x0000000780700000, 0x0000000780800000|  0%| F|  |TAMS 0x0000000780700000, 0x0000000780700000| Untracked 
|   8|0x0000000780800000, 0x0000000780800000, 0x0000000780900000|  0%| F|  |TAMS 0x0000000780800000, 0x0000000780800000| Untracked 
|   9|0x0000000780900000, 0x0000000780900000, 0x0000000780a00000|  0%| F|  |TAMS 0x0000000780900000, 0x0000000780900000| Untracked 
|  10|0x0000000780a00000, 0x0000000780a00000, 0x0000000780b00000|  0%| F|  |TAMS 0x0000000780a00000, 0x0000000780a00000| Untracked 
|  11|0x0000000780b00000, 0x0000000780b00000, 0x0000000780c00000|  0%| F|  |TAMS 0x0000000780b00000, 0x0000000780b00000| Untracked 
|  12|0x0000000780c00000, 0x0000000780c00000, 0x0000000780d00000|  0%| F|  |TAMS 0x0000000780c00000, 0x0000000780c00000| Untracked 
|  13|0x0000000780d00000, 0x0000000780d00000, 0x0000000780e00000|  0%| F|  |TAMS 0x0000000780d00000, 0x0000000780d00000| Untracked 
|  14|0x0000000780e00000, 0x0000000780e00000, 0x0000000780f00000|  0%| F|  |TAMS 0x0000000780e00000, 0x0000000780e00000| Untracked 
|  15|0x0000000780f00000, 0x0000000780f00000, 0x0000000781000000|  0%| F|  |TAMS 0x0000000780f00000, 0x0000000780f00000| Untracked 
|  16|0x0000000781000000, 0x0000000781000000, 0x0000000781100000|  0%| F|  |TAMS 0x0000000781000000, 0x0000000781000000| Untracked 
|  17|0x0000000781100000, 0x0000000781100000, 0x0000000781200000|  0%| F|  |TAMS 0x0000000781100000, 0x0000000781100000| Untracked 
|  18|0x0000000781200000, 0x0000000781200000, 0x0000000781300000|  0%| F|  |TAMS 0x0000000781200000, 0x0000000781200000| Untracked 
|  19|0x0000000781300000, 0x0000000781300000, 0x0000000781400000|  0%| F|  |TAMS 0x0000000781300000, 0x0000000781300000| Untracked 
|  20|0x0000000781400000, 0x0000000781400000, 0x0000000781500000|  0%| F|  |TAMS 0x0000000781400000, 0x0000000781400000| Untracked 
|  21|0x0000000781500000, 0x0000000781500000, 0x0000000781600000|  0%| F|  |TAMS 0x0000000781500000, 0x0000000781500000| Untracked 
|  22|0x0000000781600000, 0x0000000781600000, 0x0000000781700000|  0%| F|  |TAMS 0x0000000781600000, 0x0000000781600000| Untracked 
|  23|0x0000000781700000, 0x0000000781700000, 0x0000000781800000|  0%| F|  |TAMS 0x0000000781700000, 0x0000000781700000| Untracked 
|  24|0x0000000781800000, 0x0000000781800000, 0x0000000781900000|  0%| F|  |TAMS 0x0000000781800000, 0x0000000781800000| Untracked 
|  25|0x0000000781900000, 0x0000000781900000, 0x0000000781a00000|  0%| F|  |TAMS 0x0000000781900000, 0x0000000781900000| Untracked 
|  26|0x0000000781a00000, 0x0000000781a00000, 0x0000000781b00000|  0%| F|  |TAMS 0x0000000781a00000, 0x0000000781a00000| Untracked 
|  27|0x0000000781b00000, 0x0000000781b00000, 0x0000000781c00000|  0%| F|  |TAMS 0x0000000781b00000, 0x0000000781b00000| Untracked 
|  28|0x0000000781c00000, 0x0000000781c00000, 0x0000000781d00000|  0%| F|  |TAMS 0x0000000781c00000, 0x0000000781c00000| Untracked 
|  29|0x0000000781d00000, 0x0000000781d00000, 0x0000000781e00000|  0%| F|  |TAMS 0x0000000781d00000, 0x0000000781d00000| Untracked 
|  30|0x0000000781e00000, 0x0000000781e00000, 0x0000000781f00000|  0%| F|  |TAMS 0x0000000781e00000, 0x0000000781e00000| Untracked 
|  31|0x0000000781f00000, 0x0000000781f00000, 0x0000000782000000|  0%| F|  |TAMS 0x0000000781f00000, 0x0000000781f00000| Untracked 
|  32|0x0000000782000000, 0x0000000782000000, 0x0000000782100000|  0%| F|  |TAMS 0x0000000782000000, 0x0000000782000000| Untracked 
|  33|0x0000000782100000, 0x0000000782100000, 0x0000000782200000|  0%| F|  |TAMS 0x0000000782100000, 0x0000000782100000| Untracked 
|  34|0x0000000782200000, 0x0000000782200000, 0x0000000782300000|  0%| F|  |TAMS 0x0000000782200000, 0x0000000782200000| Untracked 
|  35|0x0000000782300000, 0x0000000782300000, 0x0000000782400000|  0%| F|  |TAMS 0x0000000782300000, 0x0000000782300000| Untracked 
|  36|0x0000000782400000, 0x0000000782400000, 0x0000000782500000|  0%| F|  |TAMS 0x0000000782400000, 0x0000000782400000| Untracked 
|  37|0x0000000782500000, 0x0000000782500000, 0x0000000782600000|  0%| F|  |TAMS 0x0000000782500000, 0x0000000782500000| Untracked 
|  38|0x0000000782600000, 0x0000000782600000, 0x0000000782700000|  0%| F|  |TAMS 0x0000000782600000, 0x0000000782600000| Untracked 
|  39|0x0000000782700000, 0x0000000782700000, 0x0000000782800000|  0%| F|  |TAMS 0x0000000782700000, 0x0000000782700000| Untracked 
|  40|0x0000000782800000, 0x0000000782800000, 0x0000000782900000|  0%| F|  |TAMS 0x0000000782800000, 0x0000000782800000| Untracked 
|  41|0x0000000782900000, 0x0000000782900000, 0x0000000782a00000|  0%| F|  |TAMS 0x0000000782900000, 0x0000000782900000| Untracked 
|  42|0x0000000782a00000, 0x0000000782a00000, 0x0000000782b00000|  0%| F|  |TAMS 0x0000000782a00000, 0x0000000782a00000| Untracked 
|  43|0x0000000782b00000, 0x0000000782b00000, 0x0000000782c00000|  0%| F|  |TAMS 0x0000000782b00000, 0x0000000782b00000| Untracked 
|  44|0x0000000782c00000, 0x0000000782c00000, 0x0000000782d00000|  0%| F|  |TAMS 0x0000000782c00000, 0x0000000782c00000| Untracked 
|  45|0x0000000782d00000, 0x0000000782d00000, 0x0000000782e00000|  0%| F|  |TAMS 0x0000000782d00000, 0x0000000782d00000| Untracked 
|  46|0x0000000782e00000, 0x0000000782e00000, 0x0000000782f00000|  0%| F|  |TAMS 0x0000000782e00000, 0x0000000782e00000| Untracked 
|  47|0x0000000782f00000, 0x0000000782f00000, 0x0000000783000000|  0%| F|  |TAMS 0x0000000782f00000, 0x0000000782f00000| Untracked 
|  48|0x0000000783000000, 0x0000000783000000, 0x0000000783100000|  0%| F|  |TAMS 0x0000000783000000, 0x0000000783000000| Untracked 
|  49|0x0000000783100000, 0x0000000783100000, 0x0000000783200000|  0%| F|  |TAMS 0x0000000783100000, 0x0000000783100000| Untracked 
|  50|0x0000000783200000, 0x0000000783200000, 0x0000000783300000|  0%| F|  |TAMS 0x0000000783200000, 0x0000000783200000| Untracked 
|  51|0x0000000783300000, 0x0000000783300000, 0x0000000783400000|  0%| F|  |TAMS 0x0000000783300000, 0x0000000783300000| Untracked 
|  52|0x0000000783400000, 0x0000000783400000, 0x0000000783500000|  0%| F|  |TAMS 0x0000000783400000, 0x0000000783400000| Untracked 
|  53|0x0000000783500000, 0x0000000783500000, 0x0000000783600000|  0%| F|  |TAMS 0x0000000783500000, 0x0000000783500000| Untracked 
|  54|0x0000000783600000, 0x0000000783600000, 0x0000000783700000|  0%| F|  |TAMS 0x0000000783600000, 0x0000000783600000| Untracked 
|  55|0x0000000783700000, 0x0000000783700000, 0x0000000783800000|  0%| F|  |TAMS 0x0000000783700000, 0x0000000783700000| Untracked 
|  56|0x0000000783800000, 0x0000000783800000, 0x0000000783900000|  0%| F|  |TAMS 0x0000000783800000, 0x0000000783800000| Untracked 
|  57|0x0000000783900000, 0x0000000783900000, 0x0000000783a00000|  0%| F|  |TAMS 0x0000000783900000, 0x0000000783900000| Untracked 
|  58|0x0000000783a00000, 0x0000000783a00000, 0x0000000783b00000|  0%| F|  |TAMS 0x0000000783a00000, 0x0000000783a00000| Untracked 
|  59|0x0000000783b00000, 0x0000000783b00000, 0x0000000783c00000|  0%| F|  |TAMS 0x0000000783b00000, 0x0000000783b00000| Untracked 
|  60|0x0000000783c00000, 0x0000000783c00000, 0x0000000783d00000|  0%| F|  |TAMS 0x0000000783c00000, 0x0000000783c00000| Untracked 
|  61|0x0000000783d00000, 0x0000000783d00000, 0x0000000783e00000|  0%| F|  |TAMS 0x0000000783d00000, 0x0000000783d00000| Untracked 
|  62|0x0000000783e00000, 0x0000000783e00000, 0x0000000783f00000|  0%| F|  |TAMS 0x0000000783e00000, 0x0000000783e00000| Untracked 
|  63|0x0000000783f00000, 0x0000000783f00000, 0x0000000784000000|  0%| F|  |TAMS 0x0000000783f00000, 0x0000000783f00000| Untracked 
|  64|0x0000000784000000, 0x0000000784000000, 0x0000000784100000|  0%| F|  |TAMS 0x0000000784000000, 0x0000000784000000| Untracked 
|  65|0x0000000784100000, 0x0000000784100000, 0x0000000784200000|  0%| F|  |TAMS 0x0000000784100000, 0x0000000784100000| Untracked 
|  66|0x0000000784200000, 0x0000000784200000, 0x0000000784300000|  0%| F|  |TAMS 0x0000000784200000, 0x0000000784200000| Untracked 
|  67|0x0000000784300000, 0x0000000784300000, 0x0000000784400000|  0%| F|  |TAMS 0x0000000784300000, 0x0000000784300000| Untracked 
|  68|0x0000000784400000, 0x0000000784400000, 0x0000000784500000|  0%| F|  |TAMS 0x0000000784400000, 0x0000000784400000| Untracked 
|  69|0x0000000784500000, 0x0000000784500000, 0x0000000784600000|  0%| F|  |TAMS 0x0000000784500000, 0x0000000784500000| Untracked 
|  70|0x0000000784600000, 0x0000000784600000, 0x0000000784700000|  0%| F|  |TAMS 0x0000000784600000, 0x0000000784600000| Untracked 
|  71|0x0000000784700000, 0x0000000784700000, 0x0000000784800000|  0%| F|  |TAMS 0x0000000784700000, 0x0000000784700000| Untracked 
|  72|0x0000000784800000, 0x0000000784800000, 0x0000000784900000|  0%| F|  |TAMS 0x0000000784800000, 0x0000000784800000| Untracked 
|  73|0x0000000784900000, 0x0000000784900000, 0x0000000784a00000|  0%| F|  |TAMS 0x0000000784900000, 0x0000000784900000| Untracked 
|  74|0x0000000784a00000, 0x0000000784a00000, 0x0000000784b00000|  0%| F|  |TAMS 0x0000000784a00000, 0x0000000784a00000| Untracked 
|  75|0x0000000784b00000, 0x0000000784b00000, 0x0000000784c00000|  0%| F|  |TAMS 0x0000000784b00000, 0x0000000784b00000| Untracked 
|  76|0x0000000784c00000, 0x0000000784c00000, 0x0000000784d00000|  0%| F|  |TAMS 0x0000000784c00000, 0x0000000784c00000| Untracked 
|  77|0x0000000784d00000, 0x0000000784d00000, 0x0000000784e00000|  0%| F|  |TAMS 0x0000000784d00000, 0x0000000784d00000| Untracked 
|  78|0x0000000784e00000, 0x0000000784e00000, 0x0000000784f00000|  0%| F|  |TAMS 0x0000000784e00000, 0x0000000784e00000| Untracked 
|  79|0x0000000784f00000, 0x0000000784f00000, 0x0000000785000000|  0%| F|  |TAMS 0x0000000784f00000, 0x0000000784f00000| Untracked 
|  80|0x0000000785000000, 0x0000000785000000, 0x0000000785100000|  0%| F|  |TAMS 0x0000000785000000, 0x0000000785000000| Untracked 
|  81|0x0000000785100000, 0x0000000785100000, 0x0000000785200000|  0%| F|  |TAMS 0x0000000785100000, 0x0000000785100000| Untracked 
|  82|0x0000000785200000, 0x0000000785200000, 0x0000000785300000|  0%| F|  |TAMS 0x0000000785200000, 0x0000000785200000| Untracked 
|  83|0x0000000785300000, 0x0000000785300000, 0x0000000785400000|  0%| F|  |TAMS 0x0000000785300000, 0x0000000785300000| Untracked 
|  84|0x0000000785400000, 0x0000000785400000, 0x0000000785500000|  0%| F|  |TAMS 0x0000000785400000, 0x0000000785400000| Untracked 
|  85|0x0000000785500000, 0x0000000785500000, 0x0000000785600000|  0%| F|  |TAMS 0x0000000785500000, 0x0000000785500000| Untracked 
|  86|0x0000000785600000, 0x0000000785600000, 0x0000000785700000|  0%| F|  |TAMS 0x0000000785600000, 0x0000000785600000| Untracked 
|  87|0x0000000785700000, 0x0000000785700000, 0x0000000785800000|  0%| F|  |TAMS 0x0000000785700000, 0x0000000785700000| Untracked 
|  88|0x0000000785800000, 0x0000000785800000, 0x0000000785900000|  0%| F|  |TAMS 0x0000000785800000, 0x0000000785800000| Untracked 
|  89|0x0000000785900000, 0x0000000785900000, 0x0000000785a00000|  0%| F|  |TAMS 0x0000000785900000, 0x0000000785900000| Untracked 
|  90|0x0000000785a00000, 0x0000000785a00000, 0x0000000785b00000|  0%| F|  |TAMS 0x0000000785a00000, 0x0000000785a00000| Untracked 
|  91|0x0000000785b00000, 0x0000000785b00000, 0x0000000785c00000|  0%| F|  |TAMS 0x0000000785b00000, 0x0000000785b00000| Untracked 
|  92|0x0000000785c00000, 0x0000000785c00000, 0x0000000785d00000|  0%| F|  |TAMS 0x0000000785c00000, 0x0000000785c00000| Untracked 
|  93|0x0000000785d00000, 0x0000000785d00000, 0x0000000785e00000|  0%| F|  |TAMS 0x0000000785d00000, 0x0000000785d00000| Untracked 
|  94|0x0000000785e00000, 0x0000000785e00000, 0x0000000785f00000|  0%| F|  |TAMS 0x0000000785e00000, 0x0000000785e00000| Untracked 
|  95|0x0000000785f00000, 0x0000000785f00000, 0x0000000786000000|  0%| F|  |TAMS 0x0000000785f00000, 0x0000000785f00000| Untracked 
|  96|0x0000000786000000, 0x0000000786000000, 0x0000000786100000|  0%| F|  |TAMS 0x0000000786000000, 0x0000000786000000| Untracked 
|  97|0x0000000786100000, 0x0000000786100000, 0x0000000786200000|  0%| F|  |TAMS 0x0000000786100000, 0x0000000786100000| Untracked 
|  98|0x0000000786200000, 0x0000000786200000, 0x0000000786300000|  0%| F|  |TAMS 0x0000000786200000, 0x0000000786200000| Untracked 
|  99|0x0000000786300000, 0x0000000786300000, 0x0000000786400000|  0%| F|  |TAMS 0x0000000786300000, 0x0000000786300000| Untracked 
| 100|0x0000000786400000, 0x0000000786400000, 0x0000000786500000|  0%| F|  |TAMS 0x0000000786400000, 0x0000000786400000| Untracked 
| 101|0x0000000786500000, 0x0000000786500000, 0x0000000786600000|  0%| F|  |TAMS 0x0000000786500000, 0x0000000786500000| Untracked 
| 102|0x0000000786600000, 0x0000000786600000, 0x0000000786700000|  0%| F|  |TAMS 0x0000000786600000, 0x0000000786600000| Untracked 
| 103|0x0000000786700000, 0x0000000786700000, 0x0000000786800000|  0%| F|  |TAMS 0x0000000786700000, 0x0000000786700000| Untracked 
| 104|0x0000000786800000, 0x0000000786800000, 0x0000000786900000|  0%| F|  |TAMS 0x0000000786800000, 0x0000000786800000| Untracked 
| 105|0x0000000786900000, 0x0000000786900000, 0x0000000786a00000|  0%| F|  |TAMS 0x0000000786900000, 0x0000000786900000| Untracked 
| 106|0x0000000786a00000, 0x0000000786a00000, 0x0000000786b00000|  0%| F|  |TAMS 0x0000000786a00000, 0x0000000786a00000| Untracked 
| 107|0x0000000786b00000, 0x0000000786b00000, 0x0000000786c00000|  0%| F|  |TAMS 0x0000000786b00000, 0x0000000786b00000| Untracked 
| 108|0x0000000786c00000, 0x0000000786c00000, 0x0000000786d00000|  0%| F|  |TAMS 0x0000000786c00000, 0x0000000786c00000| Untracked 
| 109|0x0000000786d00000, 0x0000000786d00000, 0x0000000786e00000|  0%| F|  |TAMS 0x0000000786d00000, 0x0000000786d00000| Untracked 
| 110|0x0000000786e00000, 0x0000000786e00000, 0x0000000786f00000|  0%| F|  |TAMS 0x0000000786e00000, 0x0000000786e00000| Untracked 
| 111|0x0000000786f00000, 0x0000000786f00000, 0x0000000787000000|  0%| F|  |TAMS 0x0000000786f00000, 0x0000000786f00000| Untracked 
| 112|0x0000000787000000, 0x0000000787000000, 0x0000000787100000|  0%| F|  |TAMS 0x0000000787000000, 0x0000000787000000| Untracked 
| 113|0x0000000787100000, 0x0000000787100000, 0x0000000787200000|  0%| F|  |TAMS 0x0000000787100000, 0x0000000787100000| Untracked 
| 114|0x0000000787200000, 0x0000000787200000, 0x0000000787300000|  0%| F|  |TAMS 0x0000000787200000, 0x0000000787200000| Untracked 
| 115|0x0000000787300000, 0x0000000787300000, 0x0000000787400000|  0%| F|  |TAMS 0x0000000787300000, 0x0000000787300000| Untracked 
| 116|0x0000000787400000, 0x0000000787400000, 0x0000000787500000|  0%| F|  |TAMS 0x0000000787400000, 0x0000000787400000| Untracked 
| 117|0x0000000787500000, 0x0000000787500000, 0x0000000787600000|  0%| F|  |TAMS 0x0000000787500000, 0x0000000787500000| Untracked 
| 118|0x0000000787600000, 0x0000000787600000, 0x0000000787700000|  0%| F|  |TAMS 0x0000000787600000, 0x0000000787600000| Untracked 
| 119|0x0000000787700000, 0x0000000787700000, 0x0000000787800000|  0%| F|  |TAMS 0x0000000787700000, 0x0000000787700000| Untracked 
| 120|0x0000000787800000, 0x0000000787800000, 0x0000000787900000|  0%| F|  |TAMS 0x0000000787800000, 0x0000000787800000| Untracked 
| 121|0x0000000787900000, 0x0000000787900000, 0x0000000787a00000|  0%| F|  |TAMS 0x0000000787900000, 0x0000000787900000| Untracked 
| 122|0x0000000787a00000, 0x0000000787a00000, 0x0000000787b00000|  0%| F|  |TAMS 0x0000000787a00000, 0x0000000787a00000| Untracked 
| 123|0x0000000787b00000, 0x0000000787b00000, 0x0000000787c00000|  0%| F|  |TAMS 0x0000000787b00000, 0x0000000787b00000| Untracked 
| 124|0x0000000787c00000, 0x0000000787cc8518, 0x0000000787d00000| 78%| E|  |TAMS 0x0000000787c00000, 0x0000000787c00000| Complete 
| 125|0x0000000787d00000, 0x0000000787e00000, 0x0000000787e00000|100%| E|CS|TAMS 0x0000000787d00000, 0x0000000787d00000| Complete 
| 126|0x0000000787e00000, 0x0000000787f00000, 0x0000000787f00000|100%| E|CS|TAMS 0x0000000787e00000, 0x0000000787e00000| Complete 
| 127|0x0000000787f00000, 0x0000000788000000, 0x0000000788000000|100%| E|CS|TAMS 0x0000000787f00000, 0x0000000787f00000| Complete 
|1022|0x00000007bfe00000, 0x00000007bfe51000, 0x00000007bff00000| 31%|OA|  |TAMS 0x00000007bfe00000, 0x00000007bfe00000| Untracked 
|1023|0x00000007bff00000, 0x00000007bff79000, 0x00000007c0000000| 47%|CA|  |TAMS 0x00000007bff00000, 0x00000007bff00000| Untracked 

Card table byte_map: [0x000000010400f000,0x000000010440f000] _byte_map_base: 0x000000010040f000

Marking Bits (Prev, Next): (CMBitMap*) 0x00007fbd64822a10, (CMBitMap*) 0x00007fbd64822a50
 Prev Bits: [0x000000010480f000, 0x000000010680f000)
 Next Bits: [0x000000010680f000, 0x000000010880f000)

Polling page: 0x000000010090c000

Metaspace:

Usage:
  Non-class:      4.39 MB capacity,     2.19 MB ( 50%) used,     2.20 MB ( 50%) free+waste,     4.75 KB ( <1%) overhead. 
      Class:    486.00 KB capacity,   245.28 KB ( 50%) used,   238.41 KB ( 49%) free+waste,     2.31 KB ( <1%) overhead. 
       Both:      4.87 MB capacity,     2.43 MB ( 50%) used,     2.43 MB ( 50%) free+waste,     7.06 KB ( <1%) overhead. 

Virtual space:
  Non-class space:        8.00 MB reserved,       4.50 MB ( 56%) committed 
      Class space:        1.00 GB reserved,     512.00 KB ( <1%) committed 
             Both:        1.01 GB reserved,       5.00 MB ( <1%) committed 

Chunk freelists:
   Non-Class:  46.00 KB
       Class:  10.00 KB
        Both:  56.00 KB

MaxMetaspaceSize: 17179869184.00 GB
CompressedClassSpaceSize: 1.00 GB

CodeHeap 'non-profiled nmethods': size=120032Kb used=155Kb max_used=155Kb free=119876Kb
 bounds [0x000000011a370000, 0x000000011a5e0000, 0x00000001218a8000]
CodeHeap 'profiled nmethods': size=120028Kb used=507Kb max_used=507Kb free=119520Kb
 bounds [0x0000000112e39000, 0x00000001130a9000, 0x000000011a370000]
CodeHeap 'non-nmethods': size=5700Kb used=1142Kb max_used=1156Kb free=4557Kb
 bounds [0x00000001128a8000, 0x0000000112b18000, 0x0000000112e39000]
 total_blobs=844 nmethods=446 adapters=312
 compilation: enabled
              stopped_count=0, restarted_count=0
 full_count=0

Compilation events (20 events):
Event: 0.632 Thread 0x00007fbd6606e600  439       3       java.lang.reflect.Field::setFieldAccessor (34 bytes)
Event: 0.633 Thread 0x00007fbd6606e600 nmethod 439 0x0000000112eb5610 code [0x0000000112eb57e0, 0x0000000112eb5c20]
Event: 0.633 Thread 0x00007fbd6606e600  440       3       java.lang.reflect.Modifier::isPublic (12 bytes)
Event: 0.633 Thread 0x00007fbd6606e600 nmethod 440 0x0000000112eb5d10 code [0x0000000112eb5ea0, 0x0000000112eb5fd0]
Event: 0.633 Thread 0x00007fbd6606e600  438       1       java.lang.reflect.Field::getRoot (5 bytes)
Event: 0.633 Thread 0x00007fbd6606e600 nmethod 438 0x000000011a396410 code [0x000000011a3965a0, 0x000000011a396650]
Event: 0.634 Thread 0x00007fbd6606e600  441       3       java.lang.StringConcatHelper::newArray (26 bytes)
Event: 0.634 Thread 0x00007fbd6606e600 nmethod 441 0x0000000112eb6090 code [0x0000000112eb6240, 0x0000000112eb6480]
Event: 0.635 Thread 0x00007fbd6606e600  442       3       java.lang.Integer::valueOf (32 bytes)
Event: 0.635 Thread 0x00007fbd6606e600 nmethod 442 0x0000000112eb6590 code [0x0000000112eb6740, 0x0000000112eb6a50]
Event: 0.635 Thread 0x00007fbd6606e600  443       3       java.nio.Buffer::remaining (10 bytes)
Event: 0.635 Thread 0x00007fbd6606e600 nmethod 443 0x0000000112eb6b90 code [0x0000000112eb6d20, 0x0000000112eb6e10]
Event: 0.637 Thread 0x00007fbd65021000  445       4       java.lang.StringLatin1::lastIndexOf (40 bytes)
Event: 0.637 Thread 0x00007fbd6606e600  446       3       jdk.internal.misc.Unsafe::allocateUninitializedArray0 (90 bytes)
Event: 0.638 Thread 0x00007fbd6606e600 nmethod 446 0x0000000112eb6e90 code [0x0000000112eb7060, 0x0000000112eb7910]
Event: 0.638 Thread 0x00007fbd6606e600  444       1       java.security.CodeSource::getLocation (5 bytes)
Event: 0.638 Thread 0x00007fbd6606e600 nmethod 444 0x000000011a396710 code [0x000000011a3968a0, 0x000000011a396950]
Event: 0.640 Thread 0x00007fbd6606e600  447       3       java.util.zip.Inflater::ensureOpen (47 bytes)
Event: 0.641 Thread 0x00007fbd6606e600 nmethod 447 0x0000000112eb7a90 code [0x0000000112eb7c40, 0x0000000112eb7ea0]
Event: 0.641 Thread 0x00007fbd65021000 nmethod 445 0x000000011a396a10 code [0x000000011a396b80, 0x000000011a396d38]

GC Heap History (0 events):
No events

Deoptimization events (4 events):
Event: 0.149 Thread 0x00007fbd66008800 Uncommon trap: trap_request=0xfffffff4 fr.pc=0x000000011a37dc24 relative=0x00000000000001a4
Event: 0.149 Thread 0x00007fbd66008800 Uncommon trap: reason=null_check action=make_not_entrant pc=0x000000011a37dc24 method=java.lang.String.equals(Ljava/lang/Object;)Z @ 8 c2
Event: 0.149 Thread 0x00007fbd66008800 DEOPT PACKING pc=0x000000011a37dc24 sp=0x000070000cace640
Event: 0.149 Thread 0x00007fbd66008800 DEOPT UNPACKING pc=0x00000001128f6125 sp=0x000070000cace608 mode 2

Classes unloaded (0 events):
No events

Classes redefined (0 events):
No events

Internal exceptions (9 events):
Event: 0.149 Thread 0x00007fbd66008800 Implicit null exception at 0x000000011a37dab5 to 0x000000011a37dc14
Event: 0.173 Thread 0x00007fbd64838a00 Exception <a 'java/lang/NoSuchMethodError'{0x0000000787e9a0f0}: 'java.lang.Object java.lang.invoke.DirectMethodHandle$Holder.invokeStatic(java.lang.Object)'> (0x0000000787e9a0f0) 
thrown [./open/src/hotspot/share/interpreter/linkResolver.cpp, line 782]
Event: 0.174 Thread 0x00007fbd64838a00 Exception <a 'java/lang/NoSuchMethodError'{0x0000000787e9d8d8}: 'java.lang.Object java.lang.invoke.DirectMethodHandle$Holder.invokeStaticInit(java.lang.Object)'> (0x0000000787e9d8d8) 
thrown [./open/src/hotspot/share/interpreter/linkResolver.cpp, line 782]
Event: 0.200 Thread 0x00007fbd64838a00 Exception <a 'java/lang/NoSuchMethodError'{0x0000000787eab618}: 'void java.lang.invoke.DirectMethodHandle$Holder.invokeStatic(java.lang.Object, java.lang.Object)'> (0x0000000787eab618) 
thrown [./open/src/hotspot/share/interpreter/linkResolver.cpp, line 782]
Event: 0.205 Thread 0x00007fbd66008800 Exception <a 'java/lang/ClassNotFoundException'{0x0000000787d17f70}: sun/awt/resources/spi/awtProvider> (0x0000000787d17f70) 
thrown [./open/src/hotspot/share/classfile/systemDictionary.cpp, line 295]
Event: 0.236 Thread 0x00007fbd66008800 Exception <a 'java/io/FileNotFoundException'{0x0000000787d6d2b0}> (0x0000000787d6d2b0) 
thrown [./open/src/hotspot/share/prims/jni.cpp, line 578]
Event: 0.249 Thread 0x00007fbd66008800 Exception <a 'java/io/FileNotFoundException'{0x0000000787d9bc58}> (0x0000000787d9bc58) 
thrown [./open/src/hotspot/share/prims/jni.cpp, line 578]
Event: 0.254 Thread 0x00007fbd66008800 Exception <a 'java/lang/ClassNotFoundException'{0x0000000787d9f9d0}: sun/awt/resources/spi/awtosxProvider> (0x0000000787d9f9d0) 
thrown [./open/src/hotspot/share/classfile/systemDictionary.cpp, line 295]
Event: 0.264 Thread 0x00007fbd66008800 Exception <a 'java/lang/NoSuchMethodError'{0x0000000787da5c90}: 'void java.lang.invoke.DirectMethodHandle$Holder.invokeSpecial(java.lang.Object, java.lang.Object, java.lang.Object)'> (0x0000000787da5c90) 
thrown [./open/src/hotspot/share/interpreter/linkResolver.cpp, line 782]

Events (20 events):
Event: 0.619 loading class java/awt/IllegalComponentStateException
Event: 0.619 loading class java/awt/IllegalComponentStateException done
Event: 0.619 loading class java/awt/Point
Event: 0.619 loading class java/awt/geom/Point2D
Event: 0.619 loading class java/awt/geom/Point2D done
Event: 0.619 loading class java/awt/Point done
Event: 0.619 loading class java/awt/Image
Event: 0.620 loading class java/awt/Image done
Event: 0.620 loading class java/awt/image/BufferedImage
Event: 0.620 loading class java/awt/image/WritableRenderedImage
Event: 0.620 loading class java/awt/image/RenderedImage
Event: 0.620 loading class java/awt/image/RenderedImage done
Event: 0.620 loading class java/awt/image/WritableRenderedImage done
Event: 0.620 loading class java/awt/Transparency
Event: 0.620 loading class java/awt/Transparency done
Event: 0.620 loading class java/awt/image/BufferedImage done
Event: 0.628 loading class jdk/internal/reflect/UnsafeQualifiedStaticIntegerFieldAccessorImpl
Event: 0.628 loading class jdk/internal/reflect/UnsafeQualifiedStaticIntegerFieldAccessorImpl done
Event: 0.641 loading class java/lang/NumberFormatException
Event: 0.641 loading class java/lang/NumberFormatException done


Dynamic libraries:
0x00007fff2a43c000 	/usr/lib/libz.1.dylib
0x00000001008da000 	/Library/Java/JavaVirtualMachines/jdk-15.jdk/Contents/Home/lib/libjli.dylib
0x00007fff34f14000 	/System/Library/Frameworks/Cocoa.framework/Versions/A/Cocoa
0x00007fff221cf000 	/System/Library/Frameworks/Security.framework/Versions/A/Security
0x00007fff33163000 	/System/Library/Frameworks/ApplicationServices.framework/Versions/A/ApplicationServices
0x00007fff2a504000 	/usr/lib/libSystem.B.dylib
0x00007fff2a4fe000 	/usr/lib/system/libcache.dylib
0x00007fff2a4ba000 	/usr/lib/system/libcommonCrypto.dylib
0x00007fff2a4e4000 	/usr/lib/system/libcompiler_rt.dylib
0x00007fff2a4d9000 	/usr/lib/system/libcopyfile.dylib
0x00007fff200ab000 	/usr/lib/system/libcorecrypto.dylib
0x00007fff20174000 	/usr/lib/system/libdispatch.dylib
0x00007fff20328000 	/usr/lib/system/libdyld.dylib
0x00007fff2a4f5000 	/usr/lib/system/libkeymgr.dylib
0x00007fff2d92f000 	/usr/lib/system/liblaunch.dylib
0x00007fff2a498000 	/usr/lib/system/libmacho.dylib
0x00007fff29cb3000 	/usr/lib/system/libquarantine.dylib
0x00007fff2a4f2000 	/usr/lib/system/libremovefile.dylib
0x00007fff24b5c000 	/usr/lib/system/libsystem_asl.dylib
0x00007fff2005b000 	/usr/lib/system/libsystem_blocks.dylib
0x00007fff201f5000 	/usr/lib/system/libsystem_c.dylib
0x00007fff2a4ec000 	/usr/lib/system/libsystem_collections.dylib
0x00007fff28fa8000 	/usr/lib/system/libsystem_configuration.dylib
0x00007fff28299000 	/usr/lib/system/libsystem_containermanager.dylib
0x00007fff2a234000 	/usr/lib/system/libsystem_coreservices.dylib
0x00007fff22781000 	/usr/lib/system/libsystem_darwin.dylib
0x00007fff2a4f6000 	/usr/lib/system/libsystem_dnssd.dylib
0x00007fff201f2000 	/usr/lib/system/libsystem_featureflags.dylib
0x00007fff2036d000 	/usr/lib/system/libsystem_info.dylib
0x00007fff2a44f000 	/usr/lib/system/libsystem_m.dylib
0x00007fff20147000 	/usr/lib/system/libsystem_malloc.dylib
0x00007fff24af0000 	/usr/lib/system/libsystem_networkextension.dylib
0x00007fff22b9b000 	/usr/lib/system/libsystem_notify.dylib
0x00007fff2fdcd000 	/usr/lib/system/libsystem_product_info_filter.dylib
0x00007fff28fac000 	/usr/lib/system/libsystem_sandbox.dylib
0x00007fff2a4ef000 	/usr/lib/system/libsystem_secinit.dylib
0x00007fff202ed000 	/usr/lib/system/libsystem_kernel.dylib
0x00007fff20363000 	/usr/lib/system/libsystem_platform.dylib
0x00007fff2031c000 	/usr/lib/system/libsystem_pthread.dylib
0x00007fff26252000 	/usr/lib/system/libsystem_symptoms.dylib
0x00007fff20093000 	/usr/lib/system/libsystem_trace.dylib
0x00007fff2a4c6000 	/usr/lib/system/libunwind.dylib
0x00007fff2005d000 	/usr/lib/system/libxpc.dylib
0x00007fff202d4000 	/usr/lib/libc++abi.dylib
0x00007fff201b9000 	/usr/lib/libobjc.A.dylib
0x00007fff2a4d1000 	/usr/lib/liboah.dylib
0x00007fff2027e000 	/usr/lib/libc++.1.dylib
0x00007fff20399000 	/System/Library/Frameworks/CoreFoundation.framework/Versions/A/CoreFoundation
0x00007fff21143000 	/System/Library/Frameworks/Foundation.framework/Versions/C/Foundation
0x00007fff22bf3000 	/System/Library/Frameworks/AppKit.framework/Versions/C/AppKit
0x00007fff25a7c000 	/System/Library/Frameworks/CoreData.framework/Versions/A/CoreData
0x00007fff23950000 	/System/Library/PrivateFrameworks/UIFoundation.framework/Versions/A/UIFoundation
0x00007fff2fb46000 	/System/Library/PrivateFrameworks/RemoteViewServices.framework/Versions/A/RemoteViewServices
0x00007fff28968000 	/System/Library/PrivateFrameworks/XCTTargetBootstrap.framework/Versions/A/XCTTargetBootstrap
0x00007fff2b643000 	/usr/lib/libspindump.dylib
0x00007fff23ba4000 	/System/Library/Frameworks/UniformTypeIdentifiers.framework/Versions/A/UniformTypeIdentifiers
0x00007fff2713a000 	/usr/lib/libapp_launch_measurement.dylib
0x00007fff2713d000 	/System/Library/PrivateFrameworks/CoreAutoLayout.framework/Versions/A/CoreAutoLayout
0x00007fff282c9000 	/System/Library/Frameworks/Metal.framework/Versions/A/Metal
0x00007fff28fb7000 	/usr/lib/liblangid.dylib
0x00007fff2896c000 	/System/Library/PrivateFrameworks/CoreSVG.framework/Versions/A/CoreSVG
0x00007fff24b8b000 	/System/Library/PrivateFrameworks/SkyLight.framework/Versions/A/SkyLight
0x00007fff24eea000 	/System/Library/Frameworks/CoreGraphics.framework/Versions/A/CoreGraphics
0x00007fff3019d000 	/System/Library/Frameworks/Accelerate.framework/Versions/A/Accelerate
0x00007fff2b07e000 	/System/Library/PrivateFrameworks/IconServices.framework/Versions/A/IconServices
0x00007fff282aa000 	/System/Library/Frameworks/IOSurface.framework/Versions/A/IOSurface
0x00007fff26404000 	/usr/lib/libDiagnosticMessagesClient.dylib
0x00007fff28954000 	/System/Library/PrivateFrameworks/DFRFoundation.framework/Versions/A/DFRFoundation
0x00007fff2251f000 	/usr/lib/libicucore.A.dylib
0x00007fff2cb80000 	/System/Library/Frameworks/AudioToolbox.framework/Versions/A/AudioToolbox
0x00007fff2be2b000 	/System/Library/PrivateFrameworks/DataDetectorsCore.framework/Versions/A/DataDetectorsCore
0x00007fff28654000 	/System/Library/Frameworks/Carbon.framework/Versions/A/Frameworks/HIToolbox.framework/Versions/A/HIToolbox
0x00007fff26b9d000 	/System/Library/Frameworks/QuartzCore.framework/Versions/A/QuartzCore
0x00007fff2fb82000 	/System/Library/Frameworks/Carbon.framework/Versions/A/Frameworks/SpeechRecognition.framework/Versions/A/SpeechRecognition
0x00007fff26ea2000 	/System/Library/PrivateFrameworks/CoreUI.framework/Versions/A/CoreUI
0x00007fff21b2b000 	/System/Library/Frameworks/CoreAudio.framework/Versions/A/CoreAudio
0x00007fff264ef000 	/System/Library/Frameworks/DiskArbitration.framework/Versions/A/DiskArbitration
0x00007fff2ba3c000 	/System/Library/PrivateFrameworks/MultitouchSupport.framework/Versions/A/MultitouchSupport
0x00007fff2be22000 	/System/Library/PrivateFrameworks/InternationalSupport.framework/Versions/A/InternationalSupport
0x00007fff24aff000 	/usr/lib/libenergytrace.dylib
0x00007fff22aed000 	/System/Library/Frameworks/IOKit.framework/Versions/A/IOKit
0x00007fff2fecf000 	/System/Library/Frameworks/CoreServices.framework/Versions/A/CoreServices
0x00007fff270d0000 	/System/Library/PrivateFrameworks/PerformanceAnalysis.framework/Versions/A/PerformanceAnalysis
0x00007fff6b3b7000 	/System/Library/Frameworks/OpenGL.framework/Versions/A/OpenGL
0x00007fff2bea7000 	/System/Library/PrivateFrameworks/UserActivity.framework/Versions/A/UserActivity
0x00007fff2557e000 	/System/Library/Frameworks/ColorSync.framework/Versions/A/ColorSync
0x00007fff28bd0000 	/System/Library/Frameworks/CoreImage.framework/Versions/A/CoreImage
0x00007fff21941000 	/System/Library/Frameworks/CoreText.framework/Versions/A/CoreText
0x00007fff28996000 	/System/Library/Frameworks/ImageIO.framework/Versions/A/ImageIO
0x00007fff2a50a000 	/System/Library/PrivateFrameworks/SoftLinking.framework/Versions/A/SoftLinking
0x00007fff27186000 	/usr/lib/libxml2.2.dylib
0x00007fff2a77c000 	/usr/lib/libcompression.dylib
0x00007fff24b00000 	/usr/lib/libMobileGestalt.dylib
0x00007fff2bd55000 	/System/Library/PrivateFrameworks/TextureIO.framework/Versions/A/TextureIO
0x00007fff2ada2000 	/usr/lib/libate.dylib
0x00007fff2ab87000 	/usr/lib/liblzma.5.dylib
0x00007fff20e59000 	/System/Library/Frameworks/SystemConfiguration.framework/Versions/A/SystemConfiguration
0x00007fff2a506000 	/usr/lib/libfakelink.dylib
0x00007fff24652000 	/System/Library/Frameworks/CFNetwork.framework/Versions/A/CFNetwork
0x00007fff2a646000 	/usr/lib/libarchive.2.dylib
0x00007fff20ed6000 	/usr/lib/libCRFSuite.dylib
0x00007fff29cda000 	/usr/lib/libbsm.0.dylib
0x00007fff2400e000 	/usr/lib/libnetwork.dylib
0x00007fff2a50b000 	/usr/lib/libpcap.A.dylib
0x00007fff2624b000 	/usr/lib/libdns_services.dylib
0x00007fff2aba0000 	/usr/lib/libcoretls_cfhelpers.dylib
0x00007fff2a74a000 	/usr/lib/libapple_nghttp2.dylib
0x00007fff2a49e000 	/usr/lib/system/libkxld.dylib
0x00007fff25eb1000 	/usr/lib/libsqlite3.dylib
0x00007fff2a216000 	/System/Library/PrivateFrameworks/AppleFSCompression.framework/Versions/A/AppleFSCompression
0x00007fff29cc2000 	/usr/lib/libcoretls.dylib
0x00007fff2a777000 	/usr/lib/libpam.2.dylib
0x00007fff2ac9d000 	/usr/lib/libxar.1.dylib
0x00007fff28fb3000 	/System/Library/PrivateFrameworks/AppleSystemInfo.framework/Versions/A/AppleSystemInfo
0x00007fff29905000 	/System/Library/PrivateFrameworks/IOMobileFramebuffer.framework/Versions/A/IOMobileFramebuffer
0x00007fff2a226000 	/usr/lib/libbz2.1.0.dylib
0x00007fff2a543000 	/usr/lib/libiconv.2.dylib
0x00007fff2a497000 	/usr/lib/libcharset.1.dylib
0x00007fff2710c000 	/System/Library/Frameworks/CoreServices.framework/Versions/A/Frameworks/FSEvents.framework/Versions/A/FSEvents
0x00007fff2278b000 	/System/Library/Frameworks/CoreServices.framework/Versions/A/Frameworks/CarbonCore.framework/Versions/A/CarbonCore
0x00007fff26454000 	/System/Library/Frameworks/CoreServices.framework/Versions/A/Frameworks/Metadata.framework/Versions/A/Metadata
0x00007fff2a239000 	/System/Library/Frameworks/CoreServices.framework/Versions/A/Frameworks/OSServices.framework/Versions/A/OSServices
0x00007fff2a6b8000 	/System/Library/Frameworks/CoreServices.framework/Versions/A/Frameworks/SearchKit.framework/Versions/A/SearchKit
0x00007fff261d5000 	/System/Library/Frameworks/CoreServices.framework/Versions/A/Frameworks/AE.framework/Versions/A/AE
0x00007fff20835000 	/System/Library/Frameworks/CoreServices.framework/Versions/A/Frameworks/LaunchServices.framework/Versions/A/LaunchServices
0x00007fff2ab38000 	/System/Library/Frameworks/CoreServices.framework/Versions/A/Frameworks/DictionaryServices.framework/Versions/A/DictionaryServices
0x00007fff27115000 	/System/Library/Frameworks/CoreServices.framework/Versions/A/Frameworks/SharedFileList.framework/Versions/A/SharedFileList
0x00007fff29cb6000 	/usr/lib/libCheckFix.dylib
0x00007fff24b73000 	/System/Library/PrivateFrameworks/TCC.framework/Versions/A/TCC
0x00007fff28fb9000 	/System/Library/PrivateFrameworks/CoreNLP.framework/Versions/A/CoreNLP
0x00007fff26407000 	/System/Library/PrivateFrameworks/MetadataUtilities.framework/Versions/A/MetadataUtilities
0x00007fff20f0c000 	/usr/lib/libmecabra.dylib
0x00007fff29fc9000 	/System/Library/Frameworks/MLCompute.framework/Versions/A/MLCompute
0x00007fff29ceb000 	/usr/lib/libmecab.dylib
0x00007fff29d35000 	/usr/lib/libgermantok.dylib
0x00007fff2a720000 	/usr/lib/libThaiTokenizer.dylib
0x00007fff2acd8000 	/usr/lib/libChineseTokenizer.dylib
0x00007fff2a775000 	/System/Library/Frameworks/MetalPerformanceShaders.framework/Versions/A/MetalPerformanceShaders
0x00007fff264f6000 	/System/Library/Frameworks/Accelerate.framework/Versions/A/Frameworks/vImage.framework/Versions/A/vImage
0x00007fff2fea8000 	/System/Library/Frameworks/Accelerate.framework/Versions/A/Frameworks/vecLib.framework/Versions/A/vecLib
0x00007fff2ace3000 	/System/Library/Frameworks/Accelerate.framework/Versions/A/Frameworks/vecLib.framework/Versions/A/libvMisc.dylib
0x00007fff2971e000 	/System/Library/Frameworks/Accelerate.framework/Versions/A/Frameworks/vecLib.framework/Versions/A/libvDSP.dylib
0x00007fff20b38000 	/System/Library/Frameworks/Accelerate.framework/Versions/A/Frameworks/vecLib.framework/Versions/A/libBLAS.dylib
0x00007fff2a79b000 	/System/Library/Frameworks/Accelerate.framework/Versions/A/Frameworks/vecLib.framework/Versions/A/libLAPACK.dylib
0x00007fff29d3b000 	/System/Library/Frameworks/Accelerate.framework/Versions/A/Frameworks/vecLib.framework/Versions/A/libLinearAlgebra.dylib
0x00007fff2a762000 	/System/Library/Frameworks/Accelerate.framework/Versions/A/Frameworks/vecLib.framework/Versions/A/libSparseBLAS.dylib
0x00007fff2a795000 	/System/Library/Frameworks/Accelerate.framework/Versions/A/Frameworks/vecLib.framework/Versions/A/libQuadrature.dylib
0x00007fff29061000 	/System/Library/Frameworks/Accelerate.framework/Versions/A/Frameworks/vecLib.framework/Versions/A/libBNNS.dylib
0x00007fff20dea000 	/System/Library/Frameworks/Accelerate.framework/Versions/A/Frameworks/vecLib.framework/Versions/A/libSparse.dylib
0x00007fff28f4c000 	/System/Library/Frameworks/MetalPerformanceShaders.framework/Versions/A/Frameworks/MPSCore.framework/Versions/A/MPSCore
0x00007fff2a185000 	/System/Library/Frameworks/MetalPerformanceShaders.framework/Versions/A/Frameworks/MPSImage.framework/Versions/A/MPSImage
0x00007fff29d51000 	/System/Library/Frameworks/MetalPerformanceShaders.framework/Versions/A/Frameworks/MPSNeuralNetwork.framework/Versions/A/MPSNeuralNetwork
0x00007fff2a110000 	/System/Library/Frameworks/MetalPerformanceShaders.framework/Versions/A/Frameworks/MPSMatrix.framework/Versions/A/MPSMatrix
0x00007fff29f79000 	/System/Library/Frameworks/MetalPerformanceShaders.framework/Versions/A/Frameworks/MPSRayIntersector.framework/Versions/A/MPSRayIntersector
0x00007fff2a147000 	/System/Library/Frameworks/MetalPerformanceShaders.framework/Versions/A/Frameworks/MPSNDArray.framework/Versions/A/MPSNDArray
0x00007fff20a64000 	/System/Library/PrivateFrameworks/MetalTools.framework/Versions/A/MetalTools
0x00007fff28fb1000 	/System/Library/PrivateFrameworks/AggregateDictionary.framework/Versions/A/AggregateDictionary
0x00007fff263df000 	/System/Library/PrivateFrameworks/CoreAnalytics.framework/Versions/A/CoreAnalytics
0x00007fff2a722000 	/System/Library/PrivateFrameworks/AppleSauce.framework/Versions/A/AppleSauce
0x00007fff282bc000 	/System/Library/PrivateFrameworks/IOAccelerator.framework/Versions/A/IOAccelerator
0x00007fff6b3ab000 	/System/Library/Frameworks/OpenGL.framework/Versions/A/Libraries/libCoreFSCache.dylib
0x00007fff214a7000 	/System/Library/PrivateFrameworks/LanguageModeling.framework/Versions/A/LanguageModeling
0x00007fff298f2000 	/System/Library/PrivateFrameworks/CoreEmoji.framework/Versions/A/CoreEmoji
0x00007fff2905a000 	/System/Library/PrivateFrameworks/LinguisticData.framework/Versions/A/LinguisticData
0x00007fff20d9c000 	/System/Library/PrivateFrameworks/Lexicon.framework/Versions/A/Lexicon
0x00007fff2a634000 	/usr/lib/libcmph.dylib
0x00007fff270ec000 	/System/Library/Frameworks/OpenDirectory.framework/Versions/A/Frameworks/CFOpenDirectory.framework/Versions/A/CFOpenDirectory
0x00007fff270dc000 	/System/Library/Frameworks/OpenDirectory.framework/Versions/A/OpenDirectory
0x00007fff2aba2000 	/System/Library/PrivateFrameworks/APFS.framework/Versions/A/APFS
0x00007fff29c17000 	/System/Library/Frameworks/SecurityFoundation.framework/Versions/A/SecurityFoundation
0x00007fff2acab000 	/usr/lib/libutil.dylib
0x00007fff22ab2000 	/System/Library/PrivateFrameworks/CoreServicesStore.framework/Versions/A/CoreServicesStore
0x00007fff29cae000 	/System/Library/Frameworks/ServiceManagement.framework/Versions/A/ServiceManagement
0x00007fff2acaf000 	/usr/lib/libxslt.1.dylib
0x00007fff29ca4000 	/System/Library/PrivateFrameworks/BackgroundTaskManagement.framework/Versions/A/BackgroundTaskManagement
0x00007fff2bc9f000 	/System/Library/Frameworks/ImageIO.framework/Versions/A/Resources/libRadiance.dylib
0x00007fff2bca9000 	/System/Library/Frameworks/ImageIO.framework/Versions/A/Resources/libJPEG.dylib
0x00007fff2bbf6000 	/System/Library/Frameworks/ImageIO.framework/Versions/A/Resources/libPng.dylib
0x00007fff2bc1d000 	/System/Library/Frameworks/ImageIO.framework/Versions/A/Resources/libTIFF.dylib
0x00007fff2bcfe000 	/System/Library/Frameworks/ImageIO.framework/Versions/A/Resources/libGIF.dylib
0x00007fff2b959000 	/System/Library/Frameworks/ImageIO.framework/Versions/A/Resources/libJP2.dylib
0x00007fff2b045000 	/usr/lib/libexpat.1.dylib
0x00007fff2b90f000 	/System/Library/PrivateFrameworks/AppleJPEG.framework/Versions/A/AppleJPEG
0x00007fff284f7000 	/System/Library/PrivateFrameworks/FontServices.framework/libFontParser.dylib
0x00007fff26189000 	/System/Library/PrivateFrameworks/RunningBoardServices.framework/Versions/A/RunningBoardServices
0x00007fff2ba38000 	/System/Library/PrivateFrameworks/WatchdogClient.framework/Versions/A/WatchdogClient
0x00007fff21594000 	/System/Library/Frameworks/CoreDisplay.framework/Versions/A/CoreDisplay
0x00007fff2840c000 	/System/Library/Frameworks/CoreMedia.framework/Versions/A/CoreMedia
0x00007fff27269000 	/System/Library/Frameworks/CoreVideo.framework/Versions/A/CoreVideo
0x00007fff2ba70000 	/System/Library/Frameworks/VideoToolbox.framework/Versions/A/VideoToolbox
0x00007fff26107000 	/System/Library/PrivateFrameworks/BaseBoard.framework/Versions/A/BaseBoard
0x00007fff2b18a000 	/System/Library/PrivateFrameworks/PersistentConnection.framework/Versions/A/PersistentConnection
0x00007fff25e9a000 	/System/Library/PrivateFrameworks/ProtocolBuffer.framework/Versions/A/ProtocolBuffer
0x00007fff260ee000 	/System/Library/PrivateFrameworks/CommonUtilities.framework/Versions/A/CommonUtilities
0x00007fff2b8a4000 	/System/Library/PrivateFrameworks/Bom.framework/Versions/A/Bom
0x00007fff2bc98000 	/System/Library/PrivateFrameworks/GPUWrangler.framework/Versions/A/GPUWrangler
0x00007fff2bc7b000 	/System/Library/PrivateFrameworks/IOPresentment.framework/Versions/A/IOPresentment
0x00007fff2bca3000 	/System/Library/PrivateFrameworks/DSExternalDisplay.framework/Versions/A/DSExternalDisplay
0x00007fff2bd03000 	/System/Library/PrivateFrameworks/CMCaptureCore.framework/Versions/A/CMCaptureCore
0x00007fff2b62a000 	/System/Library/PrivateFrameworks/AppServerSupport.framework/Versions/A/AppServerSupport
0x00007fff2d6d0000 	/System/Library/PrivateFrameworks/perfdata.framework/Versions/A/perfdata
0x00007fff29c06000 	/System/Library/PrivateFrameworks/AssertionServices.framework/Versions/A/AssertionServices
0x00007fff216cb000 	/System/Library/PrivateFrameworks/AudioToolboxCore.framework/Versions/A/AudioToolboxCore
0x00007fff283ef000 	/System/Library/PrivateFrameworks/caulk.framework/Versions/A/caulk
0x00007fff3c96a000 	/System/Library/PrivateFrameworks/SystemPolicy.framework/Versions/A/SystemPolicy
0x00007fff2ae3b000 	/usr/lib/libIOReport.dylib
0x00007fff2cef2000 	/usr/lib/libSMC.dylib
0x00007fff2bbc3000 	/usr/lib/libAudioToolboxUtility.dylib
0x00007fff3d2cf000 	/usr/lib/libmis.dylib
0x00007fff6b407000 	/System/Library/Frameworks/OpenGL.framework/Versions/A/Libraries/libGLU.dylib
0x00007fff6b3ca000 	/System/Library/Frameworks/OpenGL.framework/Versions/A/Libraries/libGFXShared.dylib
0x00007fff6b5d9000 	/System/Library/Frameworks/OpenGL.framework/Versions/A/Libraries/libGL.dylib
0x00007fff6b3d3000 	/System/Library/Frameworks/OpenGL.framework/Versions/A/Libraries/libGLImage.dylib
0x00007fff6b3c7000 	/System/Library/Frameworks/OpenGL.framework/Versions/A/Libraries/libCVMSPluginSupport.dylib
0x00007fff6b3b2000 	/System/Library/Frameworks/OpenGL.framework/Versions/A/Libraries/libCoreVMClient.dylib
0x00007fff6ca1a000 	/System/Library/Frameworks/OpenCL.framework/Versions/A/OpenCL
0x00007fff2b1b4000 	/System/Library/PrivateFrameworks/GraphVisualizer.framework/Versions/A/GraphVisualizer
0x00007fff2b1c3000 	/System/Library/PrivateFrameworks/FaceCore.framework/Versions/A/FaceCore
0x00007fff2b5df000 	/System/Library/PrivateFrameworks/OTSVG.framework/Versions/A/OTSVG
0x00007fff26e60000 	/System/Library/Frameworks/ApplicationServices.framework/Versions/A/Frameworks/ATS.framework/Versions/A/Resources/libFontRegistry.dylib
0x00007fff2b631000 	/System/Library/PrivateFrameworks/FontServices.framework/libhvf.dylib
0x00007fff2aff1000 	/System/Library/PrivateFrameworks/AppleVA.framework/Versions/A/AppleVA
0x00007fff2cd3b000 	/System/Library/Frameworks/ApplicationServices.framework/Versions/A/Frameworks/ATS.framework/Versions/A/ATS
0x00007fff2d04d000 	/System/Library/Frameworks/ApplicationServices.framework/Versions/A/Frameworks/ColorSyncLegacy.framework/Versions/A/ColorSyncLegacy
0x00007fff25675000 	/System/Library/Frameworks/ApplicationServices.framework/Versions/A/Frameworks/HIServices.framework/Versions/A/HIServices
0x00007fff2d032000 	/System/Library/Frameworks/ApplicationServices.framework/Versions/A/Frameworks/LangAnalysis.framework/Versions/A/LangAnalysis
0x00007fff2bd0d000 	/System/Library/Frameworks/ApplicationServices.framework/Versions/A/Frameworks/PrintCore.framework/Versions/A/PrintCore
0x00007fff2d055000 	/System/Library/Frameworks/ApplicationServices.framework/Versions/A/Frameworks/QD.framework/Versions/A/QD
0x00007fff2cd2b000 	/System/Library/Frameworks/ApplicationServices.framework/Versions/A/Frameworks/SpeechSynthesis.framework/Versions/A/SpeechSynthesis
0x00007fff2bcce000 	/System/Library/Frameworks/ApplicationServices.framework/Versions/A/Frameworks/ATSUI.framework/Versions/A/ATSUI
0x00007fff2cfd2000 	/usr/lib/libcups.2.dylib
0x00007fff2d042000 	/System/Library/PrivateFrameworks/NetAuth.framework/Versions/A/NetAuth
0x00007fff2d6ec000 	/System/Library/Frameworks/Kerberos.framework/Versions/A/Kerberos
0x00007fff2d6fc000 	/System/Library/Frameworks/GSS.framework/Versions/A/GSS
0x00007fff2cda7000 	/usr/lib/libresolv.9.dylib
0x00007fff2b646000 	/System/Library/PrivateFrameworks/Heimdal.framework/Versions/A/Heimdal
0x00007fff33463000 	/System/Library/Frameworks/Kerberos.framework/Versions/A/Libraries/libHeimdalProxy.dylib
0x00007fff2625a000 	/System/Library/Frameworks/Network.framework/Versions/A/Network
0x00007fff2b05f000 	/usr/lib/libheimdal-asn1.dylib
0x00007fff2d74c000 	/System/Library/PrivateFrameworks/CommonAuth.framework/Versions/A/CommonAuth
0x00007fff272b6000 	/System/Library/PrivateFrameworks/login.framework/Versions/A/Frameworks/loginsupport.framework/Versions/A/loginsupport
0x00007fff2ccb0000 	/System/Library/PrivateFrameworks/AudioSession.framework/Versions/A/AudioSession
0x00007fff2cd18000 	/usr/lib/libAudioStatistics.dylib
0x00007fff2b0ec000 	/System/Library/PrivateFrameworks/MediaExperience.framework/Versions/A/MediaExperience
0x00007fff2cb4e000 	/System/Library/PrivateFrameworks/AudioSession.framework/libSessionUtility.dylib
0x00007fff2d6dd000 	/usr/lib/libperfcheck.dylib
0x00007fff2d061000 	/System/Library/PrivateFrameworks/AudioResourceArbitration.framework/Versions/A/AudioResourceArbitration
0x00007fff2b069000 	/System/Library/PrivateFrameworks/IconFoundation.framework/Versions/A/IconFoundation
0x00007fff2fb72000 	/System/Library/PrivateFrameworks/SpeechRecognitionCore.framework/Versions/A/SpeechRecognitionCore
0x0000000103000000 	/Library/Java/JavaVirtualMachines/jdk-15.jdk/Contents/Home/lib/server/libjvm.dylib
0x0000000100900000 	/Library/Java/JavaVirtualMachines/jdk-15.jdk/Contents/Home/lib/libjimage.dylib
0x000000010090e000 	/Library/Java/JavaVirtualMachines/jdk-15.jdk/Contents/Home/lib/libinstrument.dylib
0x000000010091e000 	/Library/Java/JavaVirtualMachines/jdk-15.jdk/Contents/Home/lib/libjava.dylib
0x0000000100fc9000 	/Library/Java/JavaVirtualMachines/jdk-15.jdk/Contents/Home/lib/libzip.dylib
0x0000000100fd7000 	/Library/Java/JavaVirtualMachines/jdk-15.jdk/Contents/Home/lib/libnio.dylib
0x0000000109010000 	/Library/Java/JavaVirtualMachines/jdk-15.jdk/Contents/Home/lib/libnet.dylib
0x0000000100feb000 	/Library/Java/JavaVirtualMachines/jdk-15.jdk/Contents/Home/lib/libverify.dylib
0x0000000109029000 	/Library/Java/JavaVirtualMachines/jdk-15.jdk/Contents/Home/lib/libextnet.dylib
0x0000000109030000 	/Library/Java/JavaVirtualMachines/jdk-15.jdk/Contents/Home/lib/libawt.dylib
0x00000001090e7000 	/Library/Java/JavaVirtualMachines/jdk-15.jdk/Contents/Home/lib/libmlib_image.dylib
0x00007fff6e43e000 	/System/Library/Frameworks/JavaNativeFoundation.framework/Versions/A/JavaNativeFoundation
0x00007fff6e44a000 	/System/Library/Frameworks/JavaRuntimeSupport.framework/Versions/A/JavaRuntimeSupport
0x00007fff3c6ec000 	/System/Library/Frameworks/Carbon.framework/Versions/A/Carbon
0x00007fff31b52000 	/System/Library/PrivateFrameworks/CoreSymbolication.framework/Versions/A/CoreSymbolication
0x00007fff36352000 	/System/Library/Frameworks/Carbon.framework/Versions/A/Frameworks/CommonPanels.framework/Versions/A/CommonPanels
0x00007fff32f22000 	/System/Library/Frameworks/Carbon.framework/Versions/A/Frameworks/Help.framework/Versions/A/Help
0x00007fff36356000 	/System/Library/Frameworks/Carbon.framework/Versions/A/Frameworks/ImageCapture.framework/Versions/A/ImageCapture
0x00007fff3632e000 	/System/Library/Frameworks/Carbon.framework/Versions/A/Frameworks/OpenScripting.framework/Versions/A/OpenScripting
0x00007fff3634e000 	/System/Library/Frameworks/Carbon.framework/Versions/A/Frameworks/Ink.framework/Versions/A/Ink
0x00007fff3c6e8000 	/System/Library/Frameworks/Carbon.framework/Versions/A/Frameworks/Print.framework/Versions/A/Print
0x00007fff3634a000 	/System/Library/Frameworks/Carbon.framework/Versions/A/Frameworks/SecurityHI.framework/Versions/A/SecurityHI
0x00007fff31b15000 	/System/Library/PrivateFrameworks/DebugSymbols.framework/Versions/A/DebugSymbols
0x0000000109183000 	/Library/Java/JavaVirtualMachines/jdk-15.jdk/Contents/Home/lib/libawt_lwawt.dylib
0x000000010923d000 	/Library/Java/JavaVirtualMachines/jdk-15.jdk/Contents/Home/lib/libosxapp.dylib
0x00007fff3bd74000 	/System/Library/Frameworks/ExceptionHandling.framework/Versions/A/ExceptionHandling
0x000000010925d000 	/Library/Java/JavaVirtualMachines/jdk-15.jdk/Contents/Home/lib/libfontmanager.dylib
0x0000000109389000 	/Library/Java/JavaVirtualMachines/jdk-15.jdk/Contents/Home/lib/libfreetype.dylib
0x00007fff22a73000 	/System/Library/PrivateFrameworks/CoreServicesInternal.framework/Versions/A/CoreServicesInternal
0x00007fff31078000 	/System/Library/Frameworks/FileProvider.framework/Versions/A/FileProvider
0x00007fff26071000 	/System/Library/Frameworks/Accounts.framework/Versions/A/Accounts
0x00007fff31199000 	/System/Library/PrivateFrameworks/GenerationalStorage.framework/Versions/A/GenerationalStorage
0x00007fff30a97000 	/System/Library/PrivateFrameworks/SymptomDiagnosticReporter.framework/Versions/A/SymptomDiagnosticReporter
0x00007fff2e389000 	/System/Library/PrivateFrameworks/AppContainer.framework/Versions/A/AppContainer
0x00007fff23bb7000 	/System/Library/PrivateFrameworks/DesktopServicesPriv.framework/Versions/A/DesktopServicesPriv
0x00007fff22ba7000 	/usr/lib/libsandbox.1.dylib
0x00007fff272e2000 	/System/Library/PrivateFrameworks/UserManagement.framework/Versions/A/UserManagement
0x00007fff29be3000 	/System/Library/PrivateFrameworks/MobileKeyBag.framework/Versions/A/MobileKeyBag
0x00007fff344ce000 	/System/Library/PrivateFrameworks/ChunkingLibrary.framework/Versions/A/ChunkingLibrary
0x00007fff2e39e000 	/System/Library/PrivateFrameworks/SecCodeWrapper.framework/Versions/A/SecCodeWrapper
0x00007fff2ae43000 	/System/Library/PrivateFrameworks/CrashReporterSupport.framework/Versions/A/CrashReporterSupport
0x00007fff4776a000 	/System/Library/PrivateFrameworks/OSAnalytics.framework/Versions/A/OSAnalytics
0x00007fff78384000 	/usr/lib/libRosetta.dylib
0x00007fff32eb3000 	/System/Library/PrivateFrameworks/RemoteServiceDiscovery.framework/Versions/A/RemoteServiceDiscovery
0x00007fff5123a000 	/System/Library/PrivateFrameworks/Symbolication.framework/Versions/A/Symbolication
0x00007fff32ec3000 	/System/Library/PrivateFrameworks/RemoteXPC.framework/Versions/A/RemoteXPC
0x00007fff391b8000 	/System/Library/PrivateFrameworks/OSAServicesClient.framework/Versions/A/OSAServicesClient
0x00007fff3d2ae000 	/System/Library/PrivateFrameworks/MallocStackLogging.framework/Versions/A/MallocStackLogging
0x00007fff2e121000 	/System/Library/PrivateFrameworks/Sharing.framework/Versions/A/Sharing
0x00007fff32a90000 	/System/Library/PrivateFrameworks/Apple80211.framework/Versions/A/Apple80211
0x00007fff2a267000 	/System/Library/PrivateFrameworks/AuthKit.framework/Versions/A/AuthKit
0x00007fff299e3000 	/System/Library/PrivateFrameworks/CoreUtils.framework/Versions/A/CoreUtils
0x00007fff29910000 	/System/Library/Frameworks/CoreWLAN.framework/Versions/A/CoreWLAN
0x00007fff2e268000 	/System/Library/Frameworks/IOBluetooth.framework/Versions/A/IOBluetooth
0x00007fff32af4000 	/System/Library/PrivateFrameworks/CoreWiFi.framework/Versions/A/CoreWiFi
0x00007fff2d7d2000 	/System/Library/PrivateFrameworks/CorePhoneNumbers.framework/Versions/A/CorePhoneNumbers
0x00007fff30b9f000 	/System/Library/PrivateFrameworks/DiskManagement.framework/Versions/A/DiskManagement
0x00007fff30ab5000 	/System/Library/PrivateFrameworks/AppleIDAuthSupport.framework/Versions/A/AppleIDAuthSupport
0x00007fff2d7af000 	/System/Library/PrivateFrameworks/KeychainCircle.framework/Versions/A/KeychainCircle
0x00007fff30b6b000 	/System/Library/PrivateFrameworks/MediaKit.framework/Versions/A/MediaKit
0x00007fff30ac2000 	/System/Library/Frameworks/DiscRecording.framework/Versions/A/DiscRecording
0x00007fff2af65000 	/usr/lib/libCoreStorage.dylib
0x00007fff32f2e000 	/usr/lib/libcsfde.dylib
0x00007fff2e3a2000 	/System/Library/PrivateFrameworks/ProtectedCloudStorage.framework/Versions/A/ProtectedCloudStorage
0x00007fff32f26000 	/System/Library/PrivateFrameworks/EFILogin.framework/Versions/A/EFILogin
0x00007fff33516000 	/System/Library/Frameworks/AudioUnit.framework/Versions/A/AudioUnit
0x00007fff30a01000 	/System/Library/Frameworks/CoreBluetooth.framework/Versions/A/CoreBluetooth
0x00007fff2af5d000 	/usr/lib/libMatch.1.dylib
0x00007fff4348c000 	/System/Library/CoreServices/RawCamera.bundle/Contents/MacOS/RawCamera
0x00007fff2d75d000 	/System/Library/PrivateFrameworks/MobileAsset.framework/Versions/A/MobileAsset
0x00007fff3353b000 	/System/Library/PrivateFrameworks/StreamingZip.framework/Versions/A/StreamingZip
0x00007fff2bf06000 	/System/Library/Frameworks/MediaToolbox.framework/Versions/A/MediaToolbox
0x00007fff3104a000 	/System/Library/PrivateFrameworks/CoreAVCHD.framework/Versions/A/CoreAVCHD
0x00007fff301de000 	/System/Library/Frameworks/MediaAccessibility.framework/Versions/A/MediaAccessibility
0x00007fff31046000 	/System/Library/PrivateFrameworks/Mangrove.framework/Versions/A/Mangrove
0x00007fff301ea000 	/System/Library/PrivateFrameworks/AlgosScoreFramework.framework/Versions/A/AlgosScoreFramework
0x00007fff31a05000 	/System/Library/PrivateFrameworks/AppleVPA.framework/Versions/A/AppleVPA
0x00007fff30c8b000 	/System/Library/PrivateFrameworks/CoreAUC.framework/Versions/A/CoreAUC
0x00007fff40e83000 	/System/Library/Frameworks/Accelerate.framework/Versions/A/Frameworks/vImage.framework/Versions/A/Libraries/libCGInterfaces.dylib
0x000000010a64d000 	/usr/lib/libobjc-trampolines.dylib
0x00007fff26fe4000 	/System/Library/PrivateFrameworks/ViewBridge.framework/Versions/A/ViewBridge
0x000000012746b000 	/Users/melker.larsson3/Documents/Programming/Projects/GameEngine/libs/liblwjgl.jnilib
0x0000000126c9a000 	/Library/Java/JavaVirtualMachines/jdk-15.jdk/Contents/Home/lib/libjawt.dylib
0x00007fff6b5e4000 	/System/Library/Frameworks/OpenGL.framework/Versions/A/Resources/GLEngine.bundle/GLEngine
0x00007fff6b444000 	/System/Library/Frameworks/OpenGL.framework/Versions/A/Libraries/libGLProgrammability.dylib
0x00007fff6368c000 	/System/Library/Extensions/AppleIntelICLGraphicsGLDriver.bundle/Contents/MacOS/AppleIntelICLGraphicsGLDriver
0x00007fff4610d000 	/System/Library/PrivateFrameworks/GPUSupport.framework/Versions/A/Libraries/libGPUSupportMercury.dylib
0x00007fff6b760000 	/System/Library/Frameworks/OpenGL.framework/Versions/A/Resources/GLRendererFloat.bundle/GLRendererFloat
0x00007fff2b707000 	/System/Library/PrivateFrameworks/login.framework/Versions/A/login


VM Arguments:
jvm_args: -Djava.library.path=libs/ -javaagent:/private/var/folders/07/r1lbv3ks4jq3629_b1dkxjvc0000gq/T/AppTranslocation/D5218C36-9BC8-4208-9B25-38CBDA993F41/d/IntelliJ IDEA CE.app/Contents/lib/idea_rt.jar=59170:/private/var/folders/07/r1lbv3ks4jq3629_b1dkxjvc0000gq/T/AppTranslocation/D5218C36-9BC8-4208-9B25-38CBDA993F41/d/IntelliJ IDEA CE.app/Contents/bin -Dfile.encoding=UTF-8 
java_command: com.melkerlarsson.engineTester.Main
java_class_path (initial): /Users/melker.larsson3/Documents/Programming/Projects/GameEngine/out/production/GameEngine:/Users/melker.larsson3/Documents/Programming/Documents/OpenGL/lib/jars/lwjgl.jar:/Users/melker.larsson3/Documents/Programming/Documents/OpenGL/lib/jars/lwjgl_util.jar:/Users/melker.larsson3/Documents/Programming/Documents/OpenGL/lib/jars/slick-util.jar
Launcher Type: SUN_STANDARD

[Global flags]
     intx CICompilerCount                          = 3                                         {product} {ergonomic}
     uint ConcGCThreads                            = 1                                         {product} {ergonomic}
     uint G1ConcRefinementThreads                  = 4                                         {product} {ergonomic}
   size_t G1HeapRegionSize                         = 1048576                                   {product} {ergonomic}
    uintx GCDrainStackTargetSize                   = 64                                        {product} {ergonomic}
   size_t InitialHeapSize                          = 134217728                                 {product} {ergonomic}
   size_t MarkStackSize                            = 4194304                                   {product} {ergonomic}
   size_t MaxHeapSize                              = 2147483648                                {product} {ergonomic}
   size_t MaxNewSize                               = 1287651328                                {product} {ergonomic}
   size_t MinHeapDeltaBytes                        = 1048576                                   {product} {ergonomic}
   size_t MinHeapSize                              = 8388608                                   {product} {ergonomic}
    uintx NonNMethodCodeHeapSize                   = 5832780                                {pd product} {ergonomic}
    uintx NonProfiledCodeHeapSize                  = 122912730                              {pd product} {ergonomic}
    uintx ProfiledCodeHeapSize                     = 122912730                              {pd product} {ergonomic}
    uintx ReservedCodeCacheSize                    = 251658240                              {pd product} {ergonomic}
     bool SegmentedCodeCache                       = true                                      {product} {ergonomic}
   size_t SoftMaxHeapSize                          = 2147483648                             {manageable} {ergonomic}
     bool UseCompressedClassPointers               = true                                 {lp64_product} {ergonomic}
     bool UseCompressedOops                        = true                                 {lp64_product} {ergonomic}
     bool UseG1GC                                  = true                                      {product} {ergonomic}
     bool UseNUMA                                  = false                                     {product} {ergonomic}
     bool UseNUMAInterleaving                      = false                                     {product} {ergonomic}

Logging:
Log output configuration:
 #0: stdout all=warning uptime,level,tags
 #1: stderr all=off uptime,level,tags

Environment Variables:
PATH=/usr/local/opt/ruby/bin:/Users/melker.larsson3/Documents/Programming/Documents/flutter/bin:/usr/local/bin:/usr/bin:/bin:/usr/sbin:/sbin:/usr/local/munki:/Library/Apple/usr/bin
SHELL=/bin/zsh
LC_CTYPE=sv_SE.UTF-8

Signal Handlers:
SIGSEGV: [libjvm.dylib+0xa0a820], sa_mask[0]=11111111011111110111111111111111, sa_flags=SA_ONSTACK|SA_RESTART|SA_SIGINFO
SIGBUS: [libjvm.dylib+0xa0a820], sa_mask[0]=11111111011111110111111111111111, sa_flags=SA_RESTART|SA_SIGINFO
SIGFPE: [libjvm.dylib+0xa0a820], sa_mask[0]=11111111011111110111111111111111, sa_flags=SA_RESTART|SA_SIGINFO
SIGPIPE: [libjvm.dylib+0x8291b0], sa_mask[0]=11111111011111110111111111111111, sa_flags=SA_RESTART|SA_SIGINFO
SIGXFSZ: [libjvm.dylib+0x8291b0], sa_mask[0]=11111111011111110111111111111111, sa_flags=SA_RESTART|SA_SIGINFO
SIGILL: [libjvm.dylib+0xa0a820], sa_mask[0]=11111111011111110111111111111111, sa_flags=SA_RESTART|SA_SIGINFO
SIGUSR2: [libjvm.dylib+0x829cc0], sa_mask[0]=00100000000000000000000000000000, sa_flags=SA_RESTART|SA_SIGINFO
SIGHUP: [libjvm.dylib+0x8283c0], sa_mask[0]=11111111011111110111111111111111, sa_flags=SA_RESTART|SA_SIGINFO
SIGINT: [libjvm.dylib+0x8283c0], sa_mask[0]=11111111011111110111111111111111, sa_flags=SA_RESTART|SA_SIGINFO
SIGTERM: [libjvm.dylib+0x8283c0], sa_mask[0]=11111111011111110111111111111111, sa_flags=SA_RESTART|SA_SIGINFO
SIGQUIT: [libjvm.dylib+0x8283c0], sa_mask[0]=11111111011111110111111111111111, sa_flags=SA_RESTART|SA_SIGINFO


---------------  S Y S T E M  ---------------

OS:uname: Darwin 20.1.0 Darwin Kernel Version 20.1.0: Sat Oct 31 00:07:11 PDT 2020; root:xnu-7195.50.7~2/RELEASE_X86_64 x86_64
OS uptime: 33 days 10:24 hours
rlimit (soft/hard): STACK 8192k/65532k , CORE 0k/infinity , NPROC 1392/2088 , NOFILE 10240/infinity , AS infinity/infinity , CPU infinity/infinity , DATA infinity/infinity , FSIZE infinity/infinity , MEMLOCK infinity/infinity , RSS infinity/infinity
load average: 2.19 2.50 2.32

CPU: total 4 (initial active 4) (2 cores per cpu, 2 threads per core) family 6 model 126 stepping 5, cmov, cx8, fxsr, mmx, sse, sse2, sse3, ssse3, sse4.1, sse4.2, popcnt, vzeroupper, avx, avx2, aes, clmul, erms, 3dnowpref, lzcnt, ht, tsc, tscinvbit, bmi1, bmi2, adx, sha, fma, clflush, clflushopt

Memory: 4k page, physical 8388608k(428096k free), swap 2097152k(961792k free)

vm_info: Java HotSpot(TM) 64-Bit Server VM (15+36-1562) for bsd-amd64 JRE (15+36-1562), built on Aug 11 2020 21:36:40 by "mach5one" with clang 4.2.1 Compatible Apple LLVM 10.0.0 (clang-1000.11.45.5)

END.
